This is pdfTeX, Version 3.141592653-2.6-1.40.24 (MiKTeX 23.1) (preloaded format=pdflatex 2023.3.25)  15 APR 2023 04:55
entering extended mode
 restricted \write18 enabled.
 file:line:error style messages enabled.
 %&-line parsing enabled.
**./main.tex
(main.tex
LaTeX2e <2022-11-01> patch level 1
L3 programming layer <2023-02-22>
(C:\Users\partsjoo\AppData\Local\Programs\MiKTeX\tex/latex/base\article.cls
Document Class: article 2022/07/02 v1.4n Standard LaTeX document class
(C:\Users\partsjoo\AppData\Local\Programs\MiKTeX\tex/latex/base\size12.clo
File: size12.clo 2022/07/02 v1.4n Standard LaTeX file (size option)
)
\c@part=\count185
\c@section=\count186
\c@subsection=\count187
\c@subsubsection=\count188
\c@paragraph=\count189
\c@subparagraph=\count190
\c@figure=\count191
\c@table=\count192
\abovecaptionskip=\skip48
\belowcaptionskip=\skip49
\bibindent=\dimen140
)
(settings.tex
(C:\Users\partsjoo\AppData\Local\Programs\MiKTeX\tex/generic/babel\babel.sty
Package: babel 2023/02/13 3.86 The Babel package
\babel@savecnt=\count193
\U@D=\dimen141
\l@unhyphenated=\language79

(C:\Users\partsjoo\AppData\Local\Programs\MiKTeX\tex/generic/babel\txtbabel.def
)
\bbl@readstream=\read2
\bbl@dirlevel=\count194

*************************************
* Local config file bblopts.cfg used
*
(C:\Users\partsjoo\AppData\Local\Programs\MiKTeX\tex/latex/arabi\bblopts.cfg
File: bblopts.cfg 2005/09/08 v0.1 add Arabic and Farsi to "declared" options of
 babel
)
(C:\Users\partsjoo\AppData\Local\Programs\MiKTeX\tex/latex/babel-estonian\eston
ian.ldf
Language: estonian 2015/08/05 v1.1a Estonian support for the babel system
Package babel Info: Making " an active character on input line 94.
Warning: Hyphenation would work better for the T1 encoding.
)
(C:\Users\partsjoo\AppData\Local\Programs\MiKTeX\tex/latex/babel-english\englis
h.ldf
Language: english 2017/06/06 v3.3r English support from the babel system
Package babel Info: Hyphen rules for 'canadian' set to \l@english
(babel)             (\language0). Reported on input line 102.
Package babel Info: Hyphen rules for 'australian' set to \l@ukenglish
(babel)             (\language73). Reported on input line 105.
Package babel Info: Hyphen rules for 'newzealand' set to \l@ukenglish
(babel)             (\language73). Reported on input line 108.
))
(C:\Users\partsjoo\AppData\Local\Programs\MiKTeX\tex/generic/babel/locale/en\ba
bel-english.tex
Package babel Info: Importing font and identification data for english
(babel)             from babel-en.ini. Reported on input line 11.
)
(C:\Users\partsjoo\AppData\Local\Programs\MiKTeX\tex/generic/babel/locale/et\ba
bel-estonian.tex
Package babel Info: Importing font and identification data for estonian
(babel)             from babel-et.ini. Reported on input line 11.
)
(C:\Users\partsjoo\AppData\Local\Programs\MiKTeX\tex/latex/amscls\amsthm.sty
Package: amsthm 2020/05/29 v2.20.6
\thm@style=\toks16
\thm@bodyfont=\toks17
\thm@headfont=\toks18
\thm@notefont=\toks19
\thm@headpunct=\toks20
\thm@preskip=\skip50
\thm@postskip=\skip51
\thm@headsep=\skip52
\dth@everypar=\toks21
)
(C:\Users\partsjoo\AppData\Local\Programs\MiKTeX\tex/latex/amsfonts\amssymb.sty
Package: amssymb 2013/01/14 v3.01 AMS font symbols

(C:\Users\partsjoo\AppData\Local\Programs\MiKTeX\tex/latex/amsfonts\amsfonts.st
y
Package: amsfonts 2013/01/14 v3.01 Basic AMSFonts support
\@emptytoks=\toks22
\symAMSa=\mathgroup4
\symAMSb=\mathgroup5
LaTeX Font Info:    Redeclaring math symbol \hbar on input line 98.
LaTeX Font Info:    Overwriting math alphabet `\mathfrak' in version `bold'
(Font)                  U/euf/m/n --> U/euf/b/n on input line 106.
))
(C:\Users\partsjoo\AppData\Local\Programs\MiKTeX\tex/latex/algorithm2e\algorith
m2e.sty
Package: algorithm2e 2017/07/18 v5.2 algorithms environments
\c@AlgoLine=\count195

(C:\Users\partsjoo\AppData\Local\Programs\MiKTeX\tex/latex/base\ifthen.sty
Package: ifthen 2022/04/13 v1.1d Standard LaTeX ifthen package (DPC)
)
\algocf@hangindent=\skip53

(C:\Users\partsjoo\AppData\Local\Programs\MiKTeX\tex/latex/ifoddpage\ifoddpage.
sty
Package: ifoddpage 2022/10/18 v1.2 Conditionals for odd/even page detection
\c@checkoddpage=\count196
)
(C:\Users\partsjoo\AppData\Local\Programs\MiKTeX\tex/latex/tools\xspace.sty
Package: xspace 2014/10/28 v1.13 Space after command names (DPC,MH)
)
(C:\Users\partsjoo\AppData\Local\Programs\MiKTeX\tex/latex/relsize\relsize.sty
Package: relsize 2013/03/29 ver 4.1
)
\skiptotal=\skip54
\skiplinenumber=\skip55
\skiprule=\skip56
\skiphlne=\skip57
\skiptext=\skip58
\skiplength=\skip59
\algomargin=\skip60
\skipalgocfslide=\skip61
\algowidth=\dimen142
\inoutsize=\dimen143
\inoutindent=\dimen144
\interspacetitleruled=\dimen145
\interspacealgoruled=\dimen146
\interspacetitleboxruled=\dimen147
\algocf@ruledwidth=\skip62
\algocf@inoutbox=\box51
\algocf@inputbox=\box52
\AlCapSkip=\skip63
\AlCapHSkip=\skip64
\algoskipindent=\skip65
\algocf@nlbox=\box53
\algocf@hangingbox=\box54
\algocf@untilbox=\box55
\algocf@skipuntil=\skip66
\algocf@capbox=\box56
\algocf@lcaptionbox=\skip67
\algoheightruledefault=\skip68
\algoheightrule=\skip69
\algotitleheightruledefault=\skip70
\algotitleheightrule=\skip71
\c@algocfline=\count197
\c@algocfproc=\count198
\c@algocf=\count199
\algocf@algoframe=\box57
\algocf@algobox=\box58
)
(C:\Users\partsjoo\AppData\Local\Programs\MiKTeX\tex/latex/todonotes\todonotes.
sty
Package: todonotes 2023/01/31 v1.1.6 Todonotes source and documentation.
Package: todonotes 2023/01/31

(C:\Users\partsjoo\AppData\Local\Programs\MiKTeX\tex/latex/xkeyval\xkeyval.sty
Package: xkeyval 2022/06/16 v2.9 package option processing (HA)

(C:\Users\partsjoo\AppData\Local\Programs\MiKTeX\tex/generic/xkeyval\xkeyval.te
x
(C:\Users\partsjoo\AppData\Local\Programs\MiKTeX\tex/generic/xkeyval\xkvutils.t
ex
\XKV@toks=\toks23
\XKV@tempa@toks=\toks24

(C:\Users\partsjoo\AppData\Local\Programs\MiKTeX\tex/generic/xkeyval\keyval.tex
))
\XKV@depth=\count266
File: xkeyval.tex 2014/12/03 v2.7a key=value parser (HA)
))
(C:\Users\partsjoo\AppData\Local\Programs\MiKTeX\tex/latex/xcolor\xcolor.sty
Package: xcolor 2022/06/12 v2.14 LaTeX color extensions (UK)

(C:\Users\partsjoo\AppData\Local\Programs\MiKTeX\tex/latex/graphics-cfg\color.c
fg
File: color.cfg 2016/01/02 v1.6 sample color configuration
)
Package xcolor Info: Driver file: pdftex.def on input line 227.

(C:\Users\partsjoo\AppData\Local\Programs\MiKTeX\tex/latex/graphics-def\pdftex.
def
File: pdftex.def 2022/09/22 v1.2b Graphics/color driver for pdftex
)
(C:\Users\partsjoo\AppData\Local\Programs\MiKTeX\tex/latex/graphics\mathcolor.l
tx)
Package xcolor Info: Model `cmy' substituted by `cmy0' on input line 1353.
Package xcolor Info: Model `hsb' substituted by `rgb' on input line 1357.
Package xcolor Info: Model `RGB' extended on input line 1369.
Package xcolor Info: Model `HTML' substituted by `rgb' on input line 1371.
Package xcolor Info: Model `Hsb' substituted by `hsb' on input line 1372.
Package xcolor Info: Model `tHsb' substituted by `hsb' on input line 1373.
Package xcolor Info: Model `HSB' substituted by `hsb' on input line 1374.
Package xcolor Info: Model `Gray' substituted by `gray' on input line 1375.
Package xcolor Info: Model `wave' substituted by `hsb' on input line 1376.
)
(C:\Users\partsjoo\AppData\Local\Programs\MiKTeX\tex/latex/pgf/frontendlayer\ti
kz.sty
(C:\Users\partsjoo\AppData\Local\Programs\MiKTeX\tex/latex/pgf/basiclayer\pgf.s
ty
(C:\Users\partsjoo\AppData\Local\Programs\MiKTeX\tex/latex/pgf/utilities\pgfrcs
.sty
(C:\Users\partsjoo\AppData\Local\Programs\MiKTeX\tex/generic/pgf/utilities\pgfu
til-common.tex
\pgfutil@everybye=\toks25
\pgfutil@tempdima=\dimen148
\pgfutil@tempdimb=\dimen149
)
(C:\Users\partsjoo\AppData\Local\Programs\MiKTeX\tex/generic/pgf/utilities\pgfu
til-latex.def
\pgfutil@abb=\box59
)
(C:\Users\partsjoo\AppData\Local\Programs\MiKTeX\tex/generic/pgf/utilities\pgfr
cs.code.tex
(C:\Users\partsjoo\AppData\Local\Programs\MiKTeX\tex/generic/pgf\pgf.revision.t
ex)
Package: pgfrcs 2023-01-15 v3.1.10 (3.1.10)
))
Package: pgf 2023-01-15 v3.1.10 (3.1.10)

(C:\Users\partsjoo\AppData\Local\Programs\MiKTeX\tex/latex/pgf/basiclayer\pgfco
re.sty
(C:\Users\partsjoo\AppData\Local\Programs\MiKTeX\tex/latex/graphics\graphicx.st
y
Package: graphicx 2021/09/16 v1.2d Enhanced LaTeX Graphics (DPC,SPQR)

(C:\Users\partsjoo\AppData\Local\Programs\MiKTeX\tex/latex/graphics\graphics.st
y
Package: graphics 2022/03/10 v1.4e Standard LaTeX Graphics (DPC,SPQR)
 (C:\Users\partsjoo\AppData\Local\Programs\MiKTeX\tex/latex/graphics\trig.sty
Package: trig 2021/08/11 v1.11 sin cos tan (DPC)
)
(C:\Users\partsjoo\AppData\Local\Programs\MiKTeX\tex/latex/graphics-cfg\graphic
s.cfg
File: graphics.cfg 2016/06/04 v1.11 sample graphics configuration
)
Package graphics Info: Driver file: pdftex.def on input line 107.
)
\Gin@req@height=\dimen150
\Gin@req@width=\dimen151
)
(C:\Users\partsjoo\AppData\Local\Programs\MiKTeX\tex/latex/pgf/systemlayer\pgfs
ys.sty
(C:\Users\partsjoo\AppData\Local\Programs\MiKTeX\tex/generic/pgf/systemlayer\pg
fsys.code.tex
Package: pgfsys 2023-01-15 v3.1.10 (3.1.10)

(C:\Users\partsjoo\AppData\Local\Programs\MiKTeX\tex/generic/pgf/utilities\pgfk
eys.code.tex
\pgfkeys@pathtoks=\toks26
\pgfkeys@temptoks=\toks27

(C:\Users\partsjoo\AppData\Local\Programs\MiKTeX\tex/generic/pgf/utilities\pgfk
eyslibraryfiltered.code.tex
\pgfkeys@tmptoks=\toks28
))
\pgf@x=\dimen152
\pgf@y=\dimen153
\pgf@xa=\dimen154
\pgf@ya=\dimen155
\pgf@xb=\dimen156
\pgf@yb=\dimen157
\pgf@xc=\dimen158
\pgf@yc=\dimen159
\pgf@xd=\dimen160
\pgf@yd=\dimen161
\w@pgf@writea=\write3
\r@pgf@reada=\read3
\c@pgf@counta=\count267
\c@pgf@countb=\count268
\c@pgf@countc=\count269
\c@pgf@countd=\count270
\t@pgf@toka=\toks29
\t@pgf@tokb=\toks30
\t@pgf@tokc=\toks31
\pgf@sys@id@count=\count271

(C:\Users\partsjoo\AppData\Local\Programs\MiKTeX\tex/generic/pgf/systemlayer\pg
f.cfg
File: pgf.cfg 2023-01-15 v3.1.10 (3.1.10)
)
Driver file for pgf: pgfsys-pdftex.def

(C:\Users\partsjoo\AppData\Local\Programs\MiKTeX\tex/generic/pgf/systemlayer\pg
fsys-pdftex.def
File: pgfsys-pdftex.def 2023-01-15 v3.1.10 (3.1.10)

(C:\Users\partsjoo\AppData\Local\Programs\MiKTeX\tex/generic/pgf/systemlayer\pg
fsys-common-pdf.def
File: pgfsys-common-pdf.def 2023-01-15 v3.1.10 (3.1.10)
)))
(C:\Users\partsjoo\AppData\Local\Programs\MiKTeX\tex/generic/pgf/systemlayer\pg
fsyssoftpath.code.tex
File: pgfsyssoftpath.code.tex 2023-01-15 v3.1.10 (3.1.10)
\pgfsyssoftpath@smallbuffer@items=\count272
\pgfsyssoftpath@bigbuffer@items=\count273
)
(C:\Users\partsjoo\AppData\Local\Programs\MiKTeX\tex/generic/pgf/systemlayer\pg
fsysprotocol.code.tex
File: pgfsysprotocol.code.tex 2023-01-15 v3.1.10 (3.1.10)
))
(C:\Users\partsjoo\AppData\Local\Programs\MiKTeX\tex/generic/pgf/basiclayer\pgf
core.code.tex
Package: pgfcore 2023-01-15 v3.1.10 (3.1.10)

(C:\Users\partsjoo\AppData\Local\Programs\MiKTeX\tex/generic/pgf/math\pgfmath.c
ode.tex
(C:\Users\partsjoo\AppData\Local\Programs\MiKTeX\tex/generic/pgf/math\pgfmathut
il.code.tex)
(C:\Users\partsjoo\AppData\Local\Programs\MiKTeX\tex/generic/pgf/math\pgfmathpa
rser.code.tex
\pgfmath@dimen=\dimen162
\pgfmath@count=\count274
\pgfmath@box=\box60
\pgfmath@toks=\toks32
\pgfmath@stack@operand=\toks33
\pgfmath@stack@operation=\toks34
)
(C:\Users\partsjoo\AppData\Local\Programs\MiKTeX\tex/generic/pgf/math\pgfmathfu
nctions.code.tex)
(C:\Users\partsjoo\AppData\Local\Programs\MiKTeX\tex/generic/pgf/math\pgfmathfu
nctions.basic.code.tex)
(C:\Users\partsjoo\AppData\Local\Programs\MiKTeX\tex/generic/pgf/math\pgfmathfu
nctions.trigonometric.code.tex)
(C:\Users\partsjoo\AppData\Local\Programs\MiKTeX\tex/generic/pgf/math\pgfmathfu
nctions.random.code.tex)
(C:\Users\partsjoo\AppData\Local\Programs\MiKTeX\tex/generic/pgf/math\pgfmathfu
nctions.comparison.code.tex)
(C:\Users\partsjoo\AppData\Local\Programs\MiKTeX\tex/generic/pgf/math\pgfmathfu
nctions.base.code.tex)
(C:\Users\partsjoo\AppData\Local\Programs\MiKTeX\tex/generic/pgf/math\pgfmathfu
nctions.round.code.tex)
(C:\Users\partsjoo\AppData\Local\Programs\MiKTeX\tex/generic/pgf/math\pgfmathfu
nctions.misc.code.tex)
(C:\Users\partsjoo\AppData\Local\Programs\MiKTeX\tex/generic/pgf/math\pgfmathfu
nctions.integerarithmetics.code.tex)
(C:\Users\partsjoo\AppData\Local\Programs\MiKTeX\tex/generic/pgf/math\pgfmathca
lc.code.tex)
(C:\Users\partsjoo\AppData\Local\Programs\MiKTeX\tex/generic/pgf/math\pgfmathfl
oat.code.tex
\c@pgfmathroundto@lastzeros=\count275
))
(C:\Users\partsjoo\AppData\Local\Programs\MiKTeX\tex/generic/pgf/math\pgfint.co
de.tex)
(C:\Users\partsjoo\AppData\Local\Programs\MiKTeX\tex/generic/pgf/basiclayer\pgf
corepoints.code.tex
File: pgfcorepoints.code.tex 2023-01-15 v3.1.10 (3.1.10)
\pgf@picminx=\dimen163
\pgf@picmaxx=\dimen164
\pgf@picminy=\dimen165
\pgf@picmaxy=\dimen166
\pgf@pathminx=\dimen167
\pgf@pathmaxx=\dimen168
\pgf@pathminy=\dimen169
\pgf@pathmaxy=\dimen170
\pgf@xx=\dimen171
\pgf@xy=\dimen172
\pgf@yx=\dimen173
\pgf@yy=\dimen174
\pgf@zx=\dimen175
\pgf@zy=\dimen176
)
(C:\Users\partsjoo\AppData\Local\Programs\MiKTeX\tex/generic/pgf/basiclayer\pgf
corepathconstruct.code.tex
File: pgfcorepathconstruct.code.tex 2023-01-15 v3.1.10 (3.1.10)
\pgf@path@lastx=\dimen177
\pgf@path@lasty=\dimen178
)
(C:\Users\partsjoo\AppData\Local\Programs\MiKTeX\tex/generic/pgf/basiclayer\pgf
corepathusage.code.tex
File: pgfcorepathusage.code.tex 2023-01-15 v3.1.10 (3.1.10)
\pgf@shorten@end@additional=\dimen179
\pgf@shorten@start@additional=\dimen180
)
(C:\Users\partsjoo\AppData\Local\Programs\MiKTeX\tex/generic/pgf/basiclayer\pgf
corescopes.code.tex
File: pgfcorescopes.code.tex 2023-01-15 v3.1.10 (3.1.10)
\pgfpic=\box61
\pgf@hbox=\box62
\pgf@layerbox@main=\box63
\pgf@picture@serial@count=\count276
)
(C:\Users\partsjoo\AppData\Local\Programs\MiKTeX\tex/generic/pgf/basiclayer\pgf
coregraphicstate.code.tex
File: pgfcoregraphicstate.code.tex 2023-01-15 v3.1.10 (3.1.10)
\pgflinewidth=\dimen181
)
(C:\Users\partsjoo\AppData\Local\Programs\MiKTeX\tex/generic/pgf/basiclayer\pgf
coretransformations.code.tex
File: pgfcoretransformations.code.tex 2023-01-15 v3.1.10 (3.1.10)
\pgf@pt@x=\dimen182
\pgf@pt@y=\dimen183
\pgf@pt@temp=\dimen184
)
(C:\Users\partsjoo\AppData\Local\Programs\MiKTeX\tex/generic/pgf/basiclayer\pgf
corequick.code.tex
File: pgfcorequick.code.tex 2023-01-15 v3.1.10 (3.1.10)
)
(C:\Users\partsjoo\AppData\Local\Programs\MiKTeX\tex/generic/pgf/basiclayer\pgf
coreobjects.code.tex
File: pgfcoreobjects.code.tex 2023-01-15 v3.1.10 (3.1.10)
)
(C:\Users\partsjoo\AppData\Local\Programs\MiKTeX\tex/generic/pgf/basiclayer\pgf
corepathprocessing.code.tex
File: pgfcorepathprocessing.code.tex 2023-01-15 v3.1.10 (3.1.10)
)
(C:\Users\partsjoo\AppData\Local\Programs\MiKTeX\tex/generic/pgf/basiclayer\pgf
corearrows.code.tex
File: pgfcorearrows.code.tex 2023-01-15 v3.1.10 (3.1.10)
\pgfarrowsep=\dimen185
)
(C:\Users\partsjoo\AppData\Local\Programs\MiKTeX\tex/generic/pgf/basiclayer\pgf
coreshade.code.tex
File: pgfcoreshade.code.tex 2023-01-15 v3.1.10 (3.1.10)
\pgf@max=\dimen186
\pgf@sys@shading@range@num=\count277
\pgf@shadingcount=\count278
)
(C:\Users\partsjoo\AppData\Local\Programs\MiKTeX\tex/generic/pgf/basiclayer\pgf
coreimage.code.tex
File: pgfcoreimage.code.tex 2023-01-15 v3.1.10 (3.1.10)
)
(C:\Users\partsjoo\AppData\Local\Programs\MiKTeX\tex/generic/pgf/basiclayer\pgf
coreexternal.code.tex
File: pgfcoreexternal.code.tex 2023-01-15 v3.1.10 (3.1.10)
\pgfexternal@startupbox=\box64
)
(C:\Users\partsjoo\AppData\Local\Programs\MiKTeX\tex/generic/pgf/basiclayer\pgf
corelayers.code.tex
File: pgfcorelayers.code.tex 2023-01-15 v3.1.10 (3.1.10)
)
(C:\Users\partsjoo\AppData\Local\Programs\MiKTeX\tex/generic/pgf/basiclayer\pgf
coretransparency.code.tex
File: pgfcoretransparency.code.tex 2023-01-15 v3.1.10 (3.1.10)
)
(C:\Users\partsjoo\AppData\Local\Programs\MiKTeX\tex/generic/pgf/basiclayer\pgf
corepatterns.code.tex
File: pgfcorepatterns.code.tex 2023-01-15 v3.1.10 (3.1.10)
)
(C:\Users\partsjoo\AppData\Local\Programs\MiKTeX\tex/generic/pgf/basiclayer\pgf
corerdf.code.tex
File: pgfcorerdf.code.tex 2023-01-15 v3.1.10 (3.1.10)
)))
(C:\Users\partsjoo\AppData\Local\Programs\MiKTeX\tex/generic/pgf/modules\pgfmod
uleshapes.code.tex
File: pgfmoduleshapes.code.tex 2023-01-15 v3.1.10 (3.1.10)
\pgfnodeparttextbox=\box65
)
(C:\Users\partsjoo\AppData\Local\Programs\MiKTeX\tex/generic/pgf/modules\pgfmod
uleplot.code.tex
File: pgfmoduleplot.code.tex 2023-01-15 v3.1.10 (3.1.10)
)
(C:\Users\partsjoo\AppData\Local\Programs\MiKTeX\tex/latex/pgf/compatibility\pg
fcomp-version-0-65.sty
Package: pgfcomp-version-0-65 2023-01-15 v3.1.10 (3.1.10)
\pgf@nodesepstart=\dimen187
\pgf@nodesepend=\dimen188
)
(C:\Users\partsjoo\AppData\Local\Programs\MiKTeX\tex/latex/pgf/compatibility\pg
fcomp-version-1-18.sty
Package: pgfcomp-version-1-18 2023-01-15 v3.1.10 (3.1.10)
))
(C:\Users\partsjoo\AppData\Local\Programs\MiKTeX\tex/latex/pgf/utilities\pgffor
.sty
(C:\Users\partsjoo\AppData\Local\Programs\MiKTeX\tex/latex/pgf/utilities\pgfkey
s.sty
(C:\Users\partsjoo\AppData\Local\Programs\MiKTeX\tex/generic/pgf/utilities\pgfk
eys.code.tex))
(C:\Users\partsjoo\AppData\Local\Programs\MiKTeX\tex/latex/pgf/math\pgfmath.sty

(C:\Users\partsjoo\AppData\Local\Programs\MiKTeX\tex/generic/pgf/math\pgfmath.c
ode.tex))
(C:\Users\partsjoo\AppData\Local\Programs\MiKTeX\tex/generic/pgf/utilities\pgff
or.code.tex
Package: pgffor 2023-01-15 v3.1.10 (3.1.10)
\pgffor@iter=\dimen189
\pgffor@skip=\dimen190
\pgffor@stack=\toks35
\pgffor@toks=\toks36
))
(C:\Users\partsjoo\AppData\Local\Programs\MiKTeX\tex/generic/pgf/frontendlayer/
tikz\tikz.code.tex
Package: tikz 2023-01-15 v3.1.10 (3.1.10)

(C:\Users\partsjoo\AppData\Local\Programs\MiKTeX\tex/generic/pgf/libraries\pgfl
ibraryplothandlers.code.tex
File: pgflibraryplothandlers.code.tex 2023-01-15 v3.1.10 (3.1.10)
\pgf@plot@mark@count=\count279
\pgfplotmarksize=\dimen191
)
\tikz@lastx=\dimen192
\tikz@lasty=\dimen193
\tikz@lastxsaved=\dimen194
\tikz@lastysaved=\dimen195
\tikz@lastmovetox=\dimen196
\tikz@lastmovetoy=\dimen197
\tikzleveldistance=\dimen198
\tikzsiblingdistance=\dimen199
\tikz@figbox=\box66
\tikz@figbox@bg=\box67
\tikz@tempbox=\box68
\tikz@tempbox@bg=\box69
\tikztreelevel=\count280
\tikznumberofchildren=\count281
\tikznumberofcurrentchild=\count282
\tikz@fig@count=\count283

(C:\Users\partsjoo\AppData\Local\Programs\MiKTeX\tex/generic/pgf/modules\pgfmod
ulematrix.code.tex
File: pgfmodulematrix.code.tex 2023-01-15 v3.1.10 (3.1.10)
\pgfmatrixcurrentrow=\count284
\pgfmatrixcurrentcolumn=\count285
\pgf@matrix@numberofcolumns=\count286
)
\tikz@expandcount=\count287

(C:\Users\partsjoo\AppData\Local\Programs\MiKTeX\tex/generic/pgf/frontendlayer/
tikz/libraries\tikzlibrarytopaths.code.tex
File: tikzlibrarytopaths.code.tex 2023-01-15 v3.1.10 (3.1.10)
)))
(C:\Users\partsjoo\AppData\Local\Programs\MiKTeX\tex/generic/pgf/frontendlayer/
tikz/libraries\tikzlibrarypositioning.code.tex
File: tikzlibrarypositioning.code.tex 2023-01-15 v3.1.10 (3.1.10)
)
(C:\Users\partsjoo\AppData\Local\Programs\MiKTeX\tex/latex/tools\calc.sty
Package: calc 2017/05/25 v4.3 Infix arithmetic (KKT,FJ)
\calc@Acount=\count288
\calc@Bcount=\count289
\calc@Adimen=\dimen256
\calc@Bdimen=\dimen257
\calc@Askip=\skip72
\calc@Bskip=\skip73
LaTeX Info: Redefining \setlength on input line 80.
LaTeX Info: Redefining \addtolength on input line 81.
\calc@Ccount=\count290
\calc@Cskip=\skip74
)
\c@@todonotes@numberoftodonotes=\count291
)
(C:\Users\partsjoo\AppData\Local\Programs\MiKTeX\tex/latex/tools\verbatim.sty
Package: verbatim 2022-07-02 v1.5u LaTeX2e package for verbatim enhancements
\every@verbatim=\toks37
\verbatim@line=\toks38
\verbatim@in@stream=\read4
)
(C:\Users\partsjoo\AppData\Local\Programs\MiKTeX\tex/latex/listings\listings.st
y
\lst@mode=\count292
\lst@gtempboxa=\box70
\lst@token=\toks39
\lst@length=\count293
\lst@currlwidth=\dimen258
\lst@column=\count294
\lst@pos=\count295
\lst@lostspace=\dimen259
\lst@width=\dimen260
\lst@newlines=\count296
\lst@lineno=\count297
\lst@maxwidth=\dimen261

(C:\Users\partsjoo\AppData\Local\Programs\MiKTeX\tex/latex/listings\lstmisc.sty
File: lstmisc.sty 2023/02/27 1.9 (Carsten Heinz)
\c@lstnumber=\count298
\lst@skipnumbers=\count299
\lst@framebox=\box71
)
(C:\Users\partsjoo\AppData\Local\Programs\MiKTeX\tex/latex/listings\listings.cf
g
File: listings.cfg 2023/02/27 1.9 listings configuration
))
Package: listings 2023/02/27 1.9 (Carsten Heinz)

(C:\Users\partsjoo\AppData\Local\Programs\MiKTeX\tex/latex/listings\lstlang1.st
y
File: lstlang1.sty 2023/02/27 1.9 listings language file
)
(C:\Users\partsjoo\AppData\Local\Programs\MiKTeX\tex/latex/listings\lstlang1.st
y
File: lstlang1.sty 2023/02/27 1.9 listings language file
)
(C:\Users\partsjoo\AppData\Local\Programs\MiKTeX\tex/latex/listings\lstmisc.sty
File: lstmisc.sty 2023/02/27 1.9 (Carsten Heinz)
) (C:\Users\partsjoo\AppData\Local\Programs\MiKTeX\tex/latex/lkproof\proof.sty
\inferLineSkip=\dimen262
\inferLabelSkip=\dimen263
\@LeftOffset=\dimen264
\@RightOffset=\dimen265
\@SavedLeftOffset=\dimen266
\UpperWidth=\dimen267
\LowerWidth=\dimen268
\LowerHeight=\dimen269
\UpperLeftOffset=\dimen270
\UpperRightOffset=\dimen271
\UpperCenter=\dimen272
\LowerCenter=\dimen273
\UpperAdjust=\dimen274
\RuleAdjust=\dimen275
\LowerAdjust=\dimen276
\RuleWidth=\dimen277
\HLabelAdjust=\dimen278
\VLabelAdjust=\dimen279
\WidthAdjust=\dimen280
\@UpperPart=\box72
\@LowerPart=\box73
\@LabelPart=\box74
\ResultBox=\box75
)
(C:\Users\partsjoo\AppData\Local\Programs\MiKTeX\tex/latex/semantic\semantic.st
y
Package: semantic 2003/10/28 v2.0(epsilon) 

Semantic Package v2.0(epsilon) [2003/10/28]
CVSId: $Id: semantic.dtx,v 1.11 2003/10/28 13:45:57 turtle Exp $
\c@@@conflict=\count300
Loading features: 

(C:\Users\partsjoo\AppData\Local\Programs\MiKTeX\tex/latex/semantic\ligature.st
y
\@pushedtoks=\toks40
\@seentoks=\toks41
)  math mode ligatures,
(C:\Users\partsjoo\AppData\Local\Programs\MiKTeX\tex/latex/semantic\infernce.st
y
\@@tempa=\toks42
\@@tempb=\toks43
\@@pSpace=\skip75
\@@pEnd=\skip76
\@@nSpace=\skip77
\@@aLineBox=\box76
)  inference rules,
(C:\Users\partsjoo\AppData\Local\Programs\MiKTeX\tex/latex/semantic\tdiagram.st
y
\@@xShift=\count301
\@@yShift=\count302
\@@symbol=\toks44
\@@tempSymbol=\toks45
)  T diagrams,
(C:\Users\partsjoo\AppData\Local\Programs\MiKTeX\tex/latex/semantic\reserved.st
y
\@@spacing=\toks46
\@@formating=\toks47
)  reserved words,
(C:\Users\partsjoo\AppData\Local\Programs\MiKTeX\tex/latex/semantic\shrthand.st
y)  short hands,
and general definitions.

\@@maxwidth=\dimen281
\@@pLineBox=\box77
\@@cBox=\box78
\@@pBox=\box79
)
\c@theorem=\count303
 (C:\Users\partsjoo\AppData\Local\Programs\MiKTeX\tex/latex/base\inputenc.sty
Package: inputenc 2021/02/14 v1.3d Input encoding file
\inpenc@prehook=\toks48
\inpenc@posthook=\toks49
)
(C:\Users\partsjoo\AppData\Local\Programs\MiKTeX\tex/latex/csquotes\csquotes.st
y
Package: csquotes 2022-09-14 v5.2n context-sensitive quotations (JAW)

(C:\Users\partsjoo\AppData\Local\Programs\MiKTeX\tex/latex/etoolbox\etoolbox.st
y
Package: etoolbox 2020/10/05 v2.5k e-TeX tools for LaTeX (JAW)
\etb@tempcnta=\count304
)
\csq@reset=\count305
\csq@gtype=\count306
\csq@glevel=\count307
\csq@qlevel=\count308
\csq@maxlvl=\count309
\csq@tshold=\count310
\csq@ltx@everypar=\toks50

(C:\Users\partsjoo\AppData\Local\Programs\MiKTeX\tex/latex/csquotes\csquotes.de
f
File: csquotes.def 2022-09-14 v5.2n csquotes generic definitions (JAW)
)
Package csquotes Info: Trying to load configuration file 'csquotes.cfg'...
Package csquotes Info: ... configuration file loaded successfully.

(C:\Users\partsjoo\AppData\Local\Programs\MiKTeX\tex/latex/csquotes\csquotes.cf
g
File: csquotes.cfg 
))
(C:\Users\partsjoo\AppData\Local\Programs\MiKTeX\tex/latex/geometry\geometry.st
y
Package: geometry 2020/01/02 v5.9 Page Geometry
 (C:\Users\partsjoo\AppData\Local\Programs\MiKTeX\tex/generic/iftex\ifvtex.sty
Package: ifvtex 2019/10/25 v1.7 ifvtex legacy package. Use iftex instead.
(C:\Users\partsjoo\AppData\Local\Programs\MiKTeX\tex/generic/iftex\iftex.sty
Package: iftex 2022/02/03 v1.0f TeX engine tests
))
\Gm@cnth=\count311
\Gm@cntv=\count312
\c@Gm@tempcnt=\count313
\Gm@bindingoffset=\dimen282
\Gm@wd@mp=\dimen283
\Gm@odd@mp=\dimen284
\Gm@even@mp=\dimen285
\Gm@layoutwidth=\dimen286
\Gm@layoutheight=\dimen287
\Gm@layouthoffset=\dimen288
\Gm@layoutvoffset=\dimen289
\Gm@dimlist=\toks51

(C:\Users\partsjoo\AppData\Local\Programs\MiKTeX\tex/latex/geometry\geometry.cf
g))
(C:\Users\partsjoo\AppData\Local\Programs\MiKTeX\tex/latex/parskip\parskip.sty
Package: parskip 2021-03-14 v2.0h non-zero parskip adjustments

(C:\Users\partsjoo\AppData\Local\Programs\MiKTeX\tex/latex/kvoptions\kvoptions.
sty
Package: kvoptions 2022-06-15 v3.15 Key value format for package options (HO)

(C:\Users\partsjoo\AppData\Local\Programs\MiKTeX\tex/generic/ltxcmds\ltxcmds.st
y
Package: ltxcmds 2020-05-10 v1.25 LaTeX kernel commands for general use (HO)
)
(C:\Users\partsjoo\AppData\Local\Programs\MiKTeX\tex/latex/kvsetkeys\kvsetkeys.
sty
Package: kvsetkeys 2022-10-05 v1.19 Key value parser (HO)
)))
(C:\Users\partsjoo\AppData\Local\Programs\MiKTeX\tex/latex/base\fontenc.sty
Package: fontenc 2021/04/29 v2.0v Standard LaTeX package
)
(C:\Users\partsjoo\AppData\Local\Programs\MiKTeX\tex/latex/psnfss\times.sty
Package: times 2020/03/25 PSNFSS-v9.3 (SPQR) 
)
(C:\Users\partsjoo\AppData\Local\Programs\MiKTeX\tex/latex/microtype\microtype.
sty
Package: microtype 2023/03/13 v3.1a Micro-typographical refinements (RS)
\MT@toks=\toks52
\MT@tempbox=\box80
\MT@count=\count314
LaTeX Info: Redefining \noprotrusionifhmode on input line 1059.
LaTeX Info: Redefining \leftprotrusion on input line 1060.
\MT@prot@toks=\toks53
LaTeX Info: Redefining \rightprotrusion on input line 1078.
LaTeX Info: Redefining \textls on input line 1368.
\MT@outer@kern=\dimen290
LaTeX Info: Redefining \textmicrotypecontext on input line 1988.
\MT@listname@count=\count315

(C:\Users\partsjoo\AppData\Local\Programs\MiKTeX\tex/latex/microtype\microtype-
pdftex.def
File: microtype-pdftex.def 2023/03/13 v3.1a Definitions specific to pdftex (RS)

LaTeX Info: Redefining \lsstyle on input line 902.
LaTeX Info: Redefining \lslig on input line 902.
\MT@outer@space=\skip78
)
Package microtype Info: Loading configuration file microtype.cfg.

(C:\Users\partsjoo\AppData\Local\Programs\MiKTeX\tex/latex/microtype\microtype.
cfg
File: microtype.cfg 2023/03/13 v3.1a microtype main configuration file (RS)
))
(C:\Users\partsjoo\AppData\Local\Programs\MiKTeX\tex/latex/inconsolata\inconsol
ata.sty
Package: inconsolata 2019/05/17 v1.12

`inconsolata-zi4' v1.12, 2019/05/17 Text macros for Inconsolata (msharpe)
(C:\Users\partsjoo\AppData\Local\Programs\MiKTeX\tex/latex/base\textcomp.sty
Package: textcomp 2020/02/02 v2.0n Standard LaTeX package
)
\zifour@ocount=\count316
)
(C:\Users\partsjoo\AppData\Local\Programs\MiKTeX\tex/latex/caption\caption.sty
Package: caption 2023/03/12 v3.6j Customizing captions (AR)

(C:\Users\partsjoo\AppData\Local\Programs\MiKTeX\tex/latex/caption\caption3.sty
Package: caption3 2023/03/12 v2.4 caption3 kernel (AR)
\caption@tempdima=\dimen291
\captionmargin=\dimen292
\caption@leftmargin=\dimen293
\caption@rightmargin=\dimen294
\caption@width=\dimen295
\caption@indent=\dimen296
\caption@parindent=\dimen297
\caption@hangindent=\dimen298
Package caption Info: Standard document class detected.
)
\c@caption@flags=\count317
\c@continuedfloat=\count318
Package caption Info: listings package is loaded.
) (C:\Users\partsjoo\AppData\Local\Programs\MiKTeX\tex/latex/tabu\tabu.sty
Package: tabu 2019/01/11 v2.9 - flexible LaTeX tabulars (FC+tabu-fixed)

(C:\Users\partsjoo\AppData\Local\Programs\MiKTeX\tex/latex/tools\array.sty
Package: array 2022/09/04 v2.5g Tabular extension package (FMi)
\col@sep=\dimen299
\ar@mcellbox=\box81
\extrarowheight=\dimen300
\NC@list=\toks54
\extratabsurround=\skip79
\backup@length=\skip80
\ar@cellbox=\box82
)
(C:\Users\partsjoo\AppData\Local\Programs\MiKTeX\tex/latex/varwidth\varwidth.st
y
Package: varwidth 2009/03/30 ver 0.92;  Variable-width minipages
\@vwid@box=\box83
\sift@deathcycles=\count319
\@vwid@loff=\dimen301
\@vwid@roff=\dimen302
)
\c@taburow=\count320
\tabu@nbcols=\count321
\tabu@cnt=\count322
\tabu@Xcol=\count323
\tabu@alloc=\count324
\tabu@nested=\count325
\tabu@target=\dimen303
\tabu@spreadtarget=\dimen304
\tabu@naturalX=\dimen305
\tabucolX=\dimen306
\tabu@Xsum=\dimen307
\extrarowdepth=\dimen308
\abovetabulinesep=\dimen309
\belowtabulinesep=\dimen310
\tabustrutrule=\dimen311
\tabu@thebody=\toks55
\tabu@footnotes=\toks56
\tabu@box=\box84
\tabu@arstrutbox=\box85
\tabu@hleads=\box86
\tabu@vleads=\box87
\tabu@cellskip=\skip81
)
(C:\Users\partsjoo\AppData\Local\Programs\MiKTeX\tex/latex/pdflscape\pdflscape.
sty
Package: pdflscape 2022-10-27 v0.13 Display of landscape pages in PDF

(C:\Users\partsjoo\AppData\Local\Programs\MiKTeX\tex/latex/pdflscape\pdflscape-
nometadata.sty
Package: pdflscape-nometadata 2022-10-28 v0.13 Display of landscape pages in PD
F (HO)

(C:\Users\partsjoo\AppData\Local\Programs\MiKTeX\tex/latex/graphics\lscape.sty
Package: lscape 2020/05/28 v3.02 Landscape Pages (DPC)
)
Package pdflscape Info: Auto-detected driver: pdftex on input line 81.
))
(C:\Users\partsjoo\AppData\Local\Programs\MiKTeX\tex/latex/hyperref\hyperref.st
y
Package: hyperref 2023-02-07 v7.00v Hypertext links for LaTeX

(C:\Users\partsjoo\AppData\Local\Programs\MiKTeX\tex/generic/pdftexcmds\pdftexc
mds.sty
Package: pdftexcmds 2020-06-27 v0.33 Utility functions of pdfTeX for LuaTeX (HO
)

(C:\Users\partsjoo\AppData\Local\Programs\MiKTeX\tex/generic/infwarerr\infwarer
r.sty
Package: infwarerr 2019/12/03 v1.5 Providing info/warning/error messages (HO)
)
Package pdftexcmds Info: \pdf@primitive is available.
Package pdftexcmds Info: \pdf@ifprimitive is available.
Package pdftexcmds Info: \pdfdraftmode found.
)
(C:\Users\partsjoo\AppData\Local\Programs\MiKTeX\tex/generic/kvdefinekeys\kvdef
inekeys.sty
Package: kvdefinekeys 2019-12-19 v1.6 Define keys (HO)
)
(C:\Users\partsjoo\AppData\Local\Programs\MiKTeX\tex/generic/pdfescape\pdfescap
e.sty
Package: pdfescape 2019/12/09 v1.15 Implements pdfTeX's escape features (HO)
)
(C:\Users\partsjoo\AppData\Local\Programs\MiKTeX\tex/latex/hycolor\hycolor.sty
Package: hycolor 2020-01-27 v1.10 Color options for hyperref/bookmark (HO)
)
(C:\Users\partsjoo\AppData\Local\Programs\MiKTeX\tex/latex/letltxmacro\letltxma
cro.sty
Package: letltxmacro 2019/12/03 v1.6 Let assignment for LaTeX macros (HO)
)
(C:\Users\partsjoo\AppData\Local\Programs\MiKTeX\tex/latex/auxhook\auxhook.sty
Package: auxhook 2019-12-17 v1.6 Hooks for auxiliary files (HO)
)
(C:\Users\partsjoo\AppData\Local\Programs\MiKTeX\tex/latex/hyperref\nameref.sty
Package: nameref 2022-05-17 v2.50 Cross-referencing by name of section

(C:\Users\partsjoo\AppData\Local\Programs\MiKTeX\tex/latex/refcount\refcount.st
y
Package: refcount 2019/12/15 v3.6 Data extraction from label references (HO)
)
(C:\Users\partsjoo\AppData\Local\Programs\MiKTeX\tex/generic/gettitlestring\get
titlestring.sty
Package: gettitlestring 2019/12/15 v1.6 Cleanup title references (HO)
)
\c@section@level=\count326
)
\@linkdim=\dimen312
\Hy@linkcounter=\count327
\Hy@pagecounter=\count328

(C:\Users\partsjoo\AppData\Local\Programs\MiKTeX\tex/latex/hyperref\pd1enc.def
File: pd1enc.def 2023-02-07 v7.00v Hyperref: PDFDocEncoding definition (HO)
Now handling font encoding PD1 ...
... no UTF-8 mapping file for font encoding PD1
)
(C:\Users\partsjoo\AppData\Local\Programs\MiKTeX\tex/generic/intcalc\intcalc.st
y
Package: intcalc 2019/12/15 v1.3 Expandable calculations with integers (HO)
)
(C:\Users\partsjoo\AppData\Local\Programs\MiKTeX\tex/generic/etexcmds\etexcmds.
sty
Package: etexcmds 2019/12/15 v1.7 Avoid name clashes with e-TeX commands (HO)
)
\Hy@SavedSpaceFactor=\count329

(C:\Users\partsjoo\AppData\Local\Programs\MiKTeX\tex/latex/hyperref\puenc.def
File: puenc.def 2023-02-07 v7.00v Hyperref: PDF Unicode definition (HO)
Now handling font encoding PU ...
... no UTF-8 mapping file for font encoding PU
)
Package hyperref Info: Hyper figures OFF on input line 4177.
Package hyperref Info: Link nesting OFF on input line 4182.
Package hyperref Info: Hyper index ON on input line 4185.
Package hyperref Info: Plain pages OFF on input line 4192.
Package hyperref Info: Backreferencing OFF on input line 4197.
Package hyperref Info: Implicit mode ON; LaTeX internals redefined.
Package hyperref Info: Bookmarks ON on input line 4425.
\c@Hy@tempcnt=\count330

(C:\Users\partsjoo\AppData\Local\Programs\MiKTeX\tex/latex/url\url.sty
\Urlmuskip=\muskip16
Package: url 2013/09/16  ver 3.4  Verb mode for urls, etc.
)
LaTeX Info: Redefining \url on input line 4763.
\XeTeXLinkMargin=\dimen313

(C:\Users\partsjoo\AppData\Local\Programs\MiKTeX\tex/generic/bitset\bitset.sty
Package: bitset 2019/12/09 v1.3 Handle bit-vector datatype (HO)

(C:\Users\partsjoo\AppData\Local\Programs\MiKTeX\tex/generic/bigintcalc\bigintc
alc.sty
Package: bigintcalc 2019/12/15 v1.5 Expandable calculations on big integers (HO
)
))
\Fld@menulength=\count331
\Field@Width=\dimen314
\Fld@charsize=\dimen315
Package hyperref Info: Hyper figures OFF on input line 6042.
Package hyperref Info: Link nesting OFF on input line 6047.
Package hyperref Info: Hyper index ON on input line 6050.
Package hyperref Info: backreferencing OFF on input line 6057.
Package hyperref Info: Link coloring OFF on input line 6062.
Package hyperref Info: Link coloring with OCG OFF on input line 6067.
Package hyperref Info: PDF/A mode OFF on input line 6072.

(C:\Users\partsjoo\AppData\Local\Programs\MiKTeX\tex/latex/base\atbegshi-ltx.st
y
Package: atbegshi-ltx 2021/01/10 v1.0c Emulation of the original atbegshi
package with kernel methods
)
\Hy@abspage=\count332
\c@Item=\count333
\c@Hfootnote=\count334
)
Package hyperref Info: Driver (autodetected): hpdftex.

(C:\Users\partsjoo\AppData\Local\Programs\MiKTeX\tex/latex/hyperref\hpdftex.def
File: hpdftex.def 2023-02-07 v7.00v Hyperref driver for pdfTeX

(C:\Users\partsjoo\AppData\Local\Programs\MiKTeX\tex/latex/base\atveryend-ltx.s
ty
Package: atveryend-ltx 2020/08/19 v1.0a Emulation of the original atveryend pac
kage
with kernel methods
)
\Fld@listcount=\count335
\c@bookmark@seq@number=\count336

(C:\Users\partsjoo\AppData\Local\Programs\MiKTeX\tex/latex/rerunfilecheck\rerun
filecheck.sty
Package: rerunfilecheck 2022-07-10 v1.10 Rerun checks for auxiliary files (HO)

(C:\Users\partsjoo\AppData\Local\Programs\MiKTeX\tex/generic/uniquecounter\uniq
uecounter.sty
Package: uniquecounter 2019/12/15 v1.4 Provide unlimited unique counter (HO)
)
Package uniquecounter Info: New unique counter `rerunfilecheck' on input line 2
85.
)
\Hy@SectionHShift=\skip82
)
(C:\Users\partsjoo\AppData\Local\Programs\MiKTeX\tex/latex/oberdiek\hypcap.sty
Package: hypcap 2016/05/16 v1.12 Adjusting the anchors of captions (HO)
)
(C:\Users\partsjoo\AppData\Local\Programs\MiKTeX\tex/latex/titlesec\titlesec.st
y
Package: titlesec 2021/07/05 v2.14 Sectioning titles
\ttl@box=\box88
\beforetitleunit=\skip83
\aftertitleunit=\skip84
\ttl@plus=\dimen316
\ttl@minus=\dimen317
\ttl@toksa=\toks57
\titlewidth=\dimen318
\titlewidthlast=\dimen319
\titlewidthfirst=\dimen320
) (C:\Users\partsjoo\AppData\Local\Programs\MiKTeX\tex/latex/acro\acro.sty
(C:\Users\partsjoo\AppData\Local\Programs\MiKTeX\tex/latex/l3packages/l3keys2e\
l3keys2e.sty
(C:\Users\partsjoo\AppData\Local\Programs\MiKTeX\tex/latex/l3kernel\expl3.sty
Package: expl3 2023-02-22 L3 programming layer (loader) 

(C:\Users\partsjoo\AppData\Local\Programs\MiKTeX\tex/latex/l3backend\l3backend-
pdftex.def
File: l3backend-pdftex.def 2023-01-16 L3 backend support: PDF output (pdfTeX)
\l__color_backend_stack_int=\count337
\l__pdf_internal_box=\box89
))
Package: l3keys2e 2023-01-16 LaTeX2e option processing using LaTeX3 keys
)
Package: acro 2022/04/01 v3.8 typeset acronyms and other abbreviations (CN)
\l__acro_tmpa_int=\count338
\l__acro_tmpb_int=\count339
\l__acro_tmpc_int=\count340
\l__acro_tmpd_int=\count341
Loading module `base' ...
Loading module `interface' ...
Loading module `aux' ...
Loading module `properties' ...
Loading module `acronyms' ...
Loading module `formatting' ...
Loading module `ppfixes' ...
Loading module `tools' ...
\l__acro_minimal_usage_int=\count342
\l__acro_nest_int=\count343
\g_acro_barrier_int=\count344
\g_acro_barrier_total_int=\count345
Loading module `commands' ...
\l_acro_nest_level_int=\count346
Loading module `templates' ...
Loading module `list' ...
Loading module `pages' ...
\l__acro_pages_seq_threshold_int=\count347
Loading module `locale' ...

(C:\Users\partsjoo\AppData\Local\Programs\MiKTeX\tex/latex/translations\transla
tions.sty
Package: translations 2022/02/05 v1.12 internationalization of LaTeX2e packages
 (CN)
)
Loading module `pdfsupport' ...
Loading module `patch' ...
Loading module `definitions' ...
Loading module `upgrade' ...
)
(C:\Users\partsjoo\AppData\Local\Programs\MiKTeX\tex/latex/datetime\datetime.st
y
Package: datetime 2015/03/20 v2.60 Date Time Package

(C:\Users\partsjoo\AppData\Local\Programs\MiKTeX\tex/latex/fmtcount\fmtcount.st
y
Package: fmtcount 2020/01/30 v3.07

(C:\Users\partsjoo\AppData\Local\Programs\MiKTeX\tex/latex/fmtcount\fcprefix.st
y
Package: fcprefix 2012/09/28

(C:\Users\partsjoo\AppData\Local\Programs\MiKTeX\tex/latex/fmtcount\fcnumparser
.sty
Package: fcnumparser 2017/06/15
\fc@digit@counter=\count348
))
(C:\Users\partsjoo\AppData\Local\Programs\MiKTeX\tex/latex/amsmath\amsgen.sty
File: amsgen.sty 1999/11/30 v2.0 generic functions
\@emptytoks=\toks58
\ex@=\dimen321
)
\c@padzeroesN=\count349
\fc@tmpcatcode=\count350

(C:\Users\partsjoo\AppData\Local\Programs\MiKTeX\tex/latex/fmtcount\fc-english.
def
File: fc-english.def 2016/01/12
)
\@DT@modctr=\count351
\@ordinalctr=\count352
\@orgargctr=\count353
\@strctr=\count354
\@tmpstrctr=\count355
\@DT@loopN=\count356
\@DT@X=\count357
)
(C:\Users\partsjoo\AppData\Local\Programs\MiKTeX\tex/latex/datetime\datetime-de
faults.sty
Package: datetime-defaults 2013/09/10
)
\@day=\count358
\@month=\count359
\@year=\count360
\c@HOUR=\count361
\c@HOURXII=\count362
\c@MINUTE=\count363
\c@TOHOUR=\count364
\c@TOMINUTE=\count365
\c@SECOND=\count366
\currenthour=\count367
\currentminute=\count368
\currentsecond=\count369
Package datetime Info: No datetime.cfg file found, using default settings on in
put line 308.
\@dtctr=\count370
\dayofyear=\count371
\dayofweek=\count372
LaTeX Info: Redefining \today on input line 736.

(C:\Users\partsjoo\AppData\Local\Programs\MiKTeX\tex/latex/datetime\dt-estonian
.def
File: dt-estonian.def 2013/09/10
LaTeX Info: Redefining \dateestonian on input line 64.
)
\dt@a=\toks59
\dt@b=\toks60
)
(C:\Users\partsjoo\AppData\Local\Programs\MiKTeX\tex/latex/multirow\multirow.st
y
Package: multirow 2021/03/15 v2.8 Span multiple rows of a table
\multirow@colwidth=\skip85
\multirow@cntb=\count373
\multirow@dima=\skip86
\bigstrutjot=\dimen322
)
(C:\Users\partsjoo\AppData\Local\Programs\MiKTeX\tex/latex/makecell\makecell.st
y
Package: makecell 2009/08/03 V0.1e Managing of Tab Column Heads and Cells
\rotheadsize=\dimen323
\c@nlinenum=\count374
\TeXr@lab=\toks61
)
(C:\Users\partsjoo\AppData\Local\Programs\MiKTeX\tex/latex/tools\tabularx.sty
Package: tabularx 2020/01/15 v2.11c `tabularx' package (DPC)
\TX@col@width=\dimen324
\TX@old@table=\dimen325
\TX@old@col=\dimen326
\TX@target=\dimen327
\TX@delta=\dimen328
\TX@cols=\count375
\TX@ftn=\toks62
)
(C:\Users\partsjoo\AppData\Local\Programs\MiKTeX\tex/latex/booktabs\booktabs.st
y
Package: booktabs 2020/01/12 v1.61803398 Publication quality tables
\heavyrulewidth=\dimen329
\lightrulewidth=\dimen330
\cmidrulewidth=\dimen331
\belowrulesep=\dimen332
\belowbottomsep=\dimen333
\aboverulesep=\dimen334
\abovetopsep=\dimen335
\cmidrulesep=\dimen336
\cmidrulekern=\dimen337
\defaultaddspace=\dimen338
\@cmidla=\count376
\@cmidlb=\count377
\@aboverulesep=\dimen339
\@belowrulesep=\dimen340
\@thisruleclass=\count378
\@lastruleclass=\count379
\@thisrulewidth=\dimen341
)
(C:\Users\partsjoo\AppData\Local\Programs\MiKTeX\tex/latex/tabularray\tabularra
y.sty
Package: tabularray 2023-03-01 v2023A Typeset tabulars and arrays with LaTeX3
\l__tblr_a_int=\count380
\l__tblr_c_int=\count381
\l__tblr_r_int=\count382
\l__tblr_d_dim=\dimen342
\l__tblr_h_dim=\dimen343
\l__tblr_o_dim=\dimen344
\l__tblr_p_dim=\dimen345
\l__tblr_q_dim=\dimen346
\l__tblr_r_dim=\dimen347
\l__tblr_s_dim=\dimen348
\l__tblr_t_dim=\dimen349
\l__tblr_v_dim=\dimen350
\l__tblr_w_dim=\dimen351
\l__tblr_a_box=\box90
\l__tblr_b_box=\box91
\l__tblr_c_box=\box92
\l__tblr_d_box=\box93
\g__tblr_table_count_int=\count383
\c@rownum=\count384
\c@colnum=\count385
\c@rowcount=\count386
\c@colcount=\count387
\abovesep=\dimen352
\belowsep=\dimen353
\leftsep=\dimen354
\rightsep=\dimen355
\g_tblr_level_int=\count388
\g__tblr_data_row_key_count_int=\count389
\g__tblr_data_column_key_count_int=\count390
\g__tblr_data_cell_key_count_int=\count391
\g__tblr_array_int=\count392
\l__tblr_key_count_int=\count393
\l__tblr_key_quotient_int=\count394
\l__tblr_key_quotient_two_int=\count395
\l__tblr_key_remainder_int=\count396
\g__tblr_data_str_value_count_int=\count397
\rulewidth=\dimen356
\l__tblr_strut_dp_dim=\dimen357
\l__tblr_strut_ht_dim=\dimen358
\g__tblr_cell_wd_dim=\dimen359
\g__tblr_cell_ht_dim=\dimen360
\g__tblr_cell_head_dim=\dimen361
\g__tblr_cell_foot_dim=\dimen362
\l__column_target_dim=\dimen363
\l__tblr_caption_box=\box94
\l__tblr_caption_left_box=\box95
\l__tblr_row_head_box=\box96
\l__tblr_row_foot_box=\box97
\l__tblr_row_head_foot_dim=\dimen364
\tablewidth=\dimen365
\l__tblr_table_firsthead_box=\box98
\l__tblr_table_middlehead_box=\box99
\l__tblr_table_lasthead_box=\box100
\l__tblr_table_firstfoot_box=\box101
\l__tblr_table_middlefoot_box=\box102
\l__tblr_table_lastfoot_box=\box103
\l__tblr_remain_height_dim=\dimen366
\l__tblr_long_from_int=\count398
\l__tblr_long_to_int=\count399
\l__tblr_curr_i_int=\count400
\l__tblr_prev_i_int=\count401
\l__tblr_table_page_int=\count402
\l__tblr_table_head_box=\box104
\l__tblr_table_foot_box=\box105
\l__tblr_table_head_foot_dim=\dimen367
\l__tblr_table_head_body_foot_dim=\dimen368
\l__tblr_table_box=\box106
\l__tblr_table_hlines_box=\box107
\l__tblr_hline_box=\box108
\l__tblr_row_box=\box109
\l__tblr_col_o_wd_dim=\dimen369
\l__tblr_col_b_wd_dim=\dimen370
\l__tblr_hline_leftskip_dim=\dimen371
\l__tblr_hline_rightskip_dim=\dimen372
\l__tblr_row_ht_dim=\dimen373
\l__tblr_row_dp_dim=\dimen374
\l__tblr_row_abovesep_dim=\dimen375
\l__tblr_row_belowsep_dim=\dimen376
\l__tblr_row_vlines_box=\box110
\l__tblr_vline_box=\box111
\l__tblr_cell_box=\box112
\l__row_upper_dim=\dimen377
\l__row_lower_dim=\dimen378
\l__row_vpace_dim=\dimen379
\l__tblr_vline_aboveskip_dim=\dimen380
\l__tblr_vline_belowskip_dim=\dimen381
\l__tblr_cell_wd_dim=\dimen382
\l__tblr_cell_ht_dim=\dimen383
\l__tblr_diag_box=\box113
)
(C:\Users\partsjoo\AppData\Local\Programs\MiKTeX\tex/latex/stmaryrd\stmaryrd.st
y
Package: stmaryrd 1994/03/03 St Mary's Road symbol package
\symstmry=\mathgroup6
LaTeX Font Info:    Overwriting symbol font `stmry' in version `bold'
(Font)                  U/stmry/m/n --> U/stmry/b/n on input line 89.
)
(C:\Users\partsjoo\AppData\Local\Programs\MiKTeX\tex/latex/stringstrings\string
strings.sty
Package: stringstrings 2020/12/08 v1.24 Extensive array of string manipulation 
routines for cosmetic and programming application
\c@@letterindex=\count403
\c@@@letterindex=\count404
\c@@@@letterindex=\count405
\c@@wordindex=\count406
\c@@iargc=\count407
\c@@gobblesize=\count408
\c@@maxrotation=\count409
\c@@stringsize=\count410
\c@@@stringsize=\count411
\c@@@@stringsize=\count412
\c@@revisedstringsize=\count413
\c@@gobbleindex=\count414
\c@@charsfound=\count415
\c@@alph=\count416
\c@@alphaindex=\count417
\c@@capstrigger=\count418
\c@@fromindex=\count419
\c@@toindex=\count420
\c@@previousindex=\count421
\c@@flag=\count422
\c@@matchloc=\count423
\c@@matchend=\count424
\c@@matchsize=\count425
\c@@matchmax=\count426
\c@@skipped=\count427
\c@@lcwords=\count428
\c@@@matchloc=\count429
))
(C:\Users\partsjoo\AppData\Local\Programs\MiKTeX\tex/latex/caption\subcaption.s
ty
Package: subcaption 2023/02/19 v1.6 Sub-captions (AR)
Package caption Info: New subtype `subfigure' on input line 239.
\c@subfigure=\count430
Package caption Info: New subtype `subtable' on input line 239.
\c@subtable=\count431
) (config.tex) (acronyms.tex
\c@g@acro@SA@int=\count432
\c@g@acro@DS@int=\count433
\c@g@acro@DA@int=\count434
)
(C:\Users\partsjoo\AppData\Local\Programs\MiKTeX\tex/latex/biblatex\biblatex.st
y
Package: biblatex 2023/03/05 v3.19 programmable bibliographies (PK/MW)
 (C:\Users\partsjoo\AppData\Local\Programs\MiKTeX\tex/latex/logreq\logreq.sty
Package: logreq 2010/08/04 v1.0 xml request logger
\lrq@indent=\count435

(C:\Users\partsjoo\AppData\Local\Programs\MiKTeX\tex/latex/logreq\logreq.def
File: logreq.def 2010/08/04 v1.0 logreq spec v1.0
))
\c@tabx@nest=\count436
\c@listtotal=\count437
\c@listcount=\count438
\c@liststart=\count439
\c@liststop=\count440
\c@citecount=\count441
\c@citetotal=\count442
\c@multicitecount=\count443
\c@multicitetotal=\count444
\c@instcount=\count445
\c@maxnames=\count446
\c@minnames=\count447
\c@maxitems=\count448
\c@minitems=\count449
\c@citecounter=\count450
\c@maxcitecounter=\count451
\c@savedcitecounter=\count452
\c@uniquelist=\count453
\c@uniquename=\count454
\c@refsection=\count455
\c@refsegment=\count456
\c@maxextratitle=\count457
\c@maxextratitleyear=\count458
\c@maxextraname=\count459
\c@maxextradate=\count460
\c@maxextraalpha=\count461
\c@abbrvpenalty=\count462
\c@highnamepenalty=\count463
\c@lownamepenalty=\count464
\c@maxparens=\count465
\c@parenlevel=\count466
\blx@tempcnta=\count467
\blx@tempcntb=\count468
\blx@tempcntc=\count469
\c@blx@maxsection=\count470
\blx@maxsegment@0=\count471
\blx@notetype=\count472
\blx@parenlevel@text=\count473
\blx@parenlevel@foot=\count474
\blx@sectionciteorder@0=\count475
\blx@sectionciteorderinternal@0=\count476
\blx@entrysetcounter=\count477
\blx@biblioinstance=\count478
\labelnumberwidth=\skip87
\labelalphawidth=\skip88
\biblabelsep=\skip89
\bibitemsep=\skip90
\bibnamesep=\skip91
\bibinitsep=\skip92
\bibparsep=\skip93
\bibhang=\skip94
\blx@bcfin=\read5
\blx@bcfout=\write4
\blx@langwohyphens=\language80
\c@mincomprange=\count479
\c@maxcomprange=\count480
\c@mincompwidth=\count481
Package biblatex Info: Trying to load biblatex default data model...
Package biblatex Info: ... file 'blx-dm.def' found.

(C:\Users\partsjoo\AppData\Local\Programs\MiKTeX\tex/latex/biblatex\blx-dm.def
File: blx-dm.def 2023/03/05 v3.19 biblatex localization (PK/MW)
)
Package biblatex Info: Trying to load biblatex citestyle data model...
Package biblatex Info: ... file 'numeric-comp.dbx' not found.
Package biblatex Info: Trying to load biblatex bibstyle data model...
Package biblatex Info: ... file 'ieee.dbx' not found.
Package biblatex Info: Trying to load biblatex custom data model...
Package biblatex Info: ... file 'biblatex-dm.cfg' not found.
\c@afterword=\count482
\c@savedafterword=\count483
\c@annotator=\count484
\c@savedannotator=\count485
\c@author=\count486
\c@savedauthor=\count487
\c@bookauthor=\count488
\c@savedbookauthor=\count489
\c@commentator=\count490
\c@savedcommentator=\count491
\c@editor=\count492
\c@savededitor=\count493
\c@editora=\count494
\c@savededitora=\count495
\c@editorb=\count496
\c@savededitorb=\count497
\c@editorc=\count498
\c@savededitorc=\count499
\c@foreword=\count500
\c@savedforeword=\count501
\c@holder=\count502
\c@savedholder=\count503
\c@introduction=\count504
\c@savedintroduction=\count505
\c@namea=\count506
\c@savednamea=\count507
\c@nameb=\count508
\c@savednameb=\count509
\c@namec=\count510
\c@savednamec=\count511
\c@translator=\count512
\c@savedtranslator=\count513
\c@shortauthor=\count514
\c@savedshortauthor=\count515
\c@shorteditor=\count516
\c@savedshorteditor=\count517
\c@labelname=\count518
\c@savedlabelname=\count519
\c@institution=\count520
\c@savedinstitution=\count521
\c@lista=\count522
\c@savedlista=\count523
\c@listb=\count524
\c@savedlistb=\count525
\c@listc=\count526
\c@savedlistc=\count527
\c@listd=\count528
\c@savedlistd=\count529
\c@liste=\count530
\c@savedliste=\count531
\c@listf=\count532
\c@savedlistf=\count533
\c@location=\count534
\c@savedlocation=\count535
\c@organization=\count536
\c@savedorganization=\count537
\c@origlocation=\count538
\c@savedoriglocation=\count539
\c@origpublisher=\count540
\c@savedorigpublisher=\count541
\c@publisher=\count542
\c@savedpublisher=\count543
\c@language=\count544
\c@savedlanguage=\count545
\c@origlanguage=\count546
\c@savedoriglanguage=\count547
\c@pageref=\count548
\c@savedpageref=\count549
\shorthandwidth=\skip95
\shortjournalwidth=\skip96
\shortserieswidth=\skip97
\shorttitlewidth=\skip98
\shortauthorwidth=\skip99
\shorteditorwidth=\skip100
\locallabelnumberwidth=\skip101
\locallabelalphawidth=\skip102
\localshorthandwidth=\skip103
\localshortjournalwidth=\skip104
\localshortserieswidth=\skip105
\localshorttitlewidth=\skip106
\localshortauthorwidth=\skip107
\localshorteditorwidth=\skip108
Package biblatex Info: Trying to load compatibility code...
Package biblatex Info: ... file 'blx-compat.def' found.

(C:\Users\partsjoo\AppData\Local\Programs\MiKTeX\tex/latex/biblatex\blx-compat.
def
File: blx-compat.def 2023/03/05 v3.19 biblatex compatibility (PK/MW)
)
Package biblatex Info: Trying to load generic definitions...
Package biblatex Info: ... file 'biblatex.def' found.

(C:\Users\partsjoo\AppData\Local\Programs\MiKTeX\tex/latex/biblatex\biblatex.de
f
File: biblatex.def 2023/03/05 v3.19 biblatex compatibility (PK/MW)
\c@textcitecount=\count550
\c@textcitetotal=\count551
\c@textcitemaxnames=\count552
\c@biburlbigbreakpenalty=\count553
\c@biburlbreakpenalty=\count554
\c@biburlnumpenalty=\count555
\c@biburlucpenalty=\count556
\c@biburllcpenalty=\count557
\biburlbigskip=\muskip17
\biburlnumskip=\muskip18
\biburlucskip=\muskip19
\biburllcskip=\muskip20
\c@smartand=\count558
)
Package biblatex Info: Trying to load bibliography style 'ieee'...
Package biblatex Info: ... file 'ieee.bbx' found.

(C:\Users\partsjoo\AppData\Local\Programs\MiKTeX\tex/latex/biblatex-ieee\ieee.b
bx
File: ieee.bbx 2021/12/06 v1.3f biblatex bibliography style
Package biblatex Info: Trying to load bibliography style 'numeric-comp'...
Package biblatex Info: ... file 'numeric-comp.bbx' found.

(C:\Users\partsjoo\AppData\Local\Programs\MiKTeX\tex/latex/biblatex/bbx\numeric
-comp.bbx
File: numeric-comp.bbx 2023/03/05 v3.19 biblatex bibliography style (PK/MW)
Package biblatex Info: Trying to load bibliography style 'numeric'...
Package biblatex Info: ... file 'numeric.bbx' found.

(C:\Users\partsjoo\AppData\Local\Programs\MiKTeX\tex/latex/biblatex/bbx\numeric
.bbx
File: numeric.bbx 2023/03/05 v3.19 biblatex bibliography style (PK/MW)
Package biblatex Info: Trying to load bibliography style 'standard'...
Package biblatex Info: ... file 'standard.bbx' found.

(C:\Users\partsjoo\AppData\Local\Programs\MiKTeX\tex/latex/biblatex/bbx\standar
d.bbx
File: standard.bbx 2023/03/05 v3.19 biblatex bibliography style (PK/MW)
\c@bbx:relatedcount=\count559
\c@bbx:relatedtotal=\count560
))))
Package biblatex Info: Trying to load citation style 'numeric-comp'...
Package biblatex Info: ... file 'numeric-comp.cbx' found.

(C:\Users\partsjoo\AppData\Local\Programs\MiKTeX\tex/latex/biblatex/cbx\numeric
-comp.cbx
File: numeric-comp.cbx 2023/03/05 v3.19 biblatex citation style (PK/MW)
\c@cbx@tempcnta=\count561
\c@cbx@tempcntb=\count562
\c@cbx@tempcntc=\count563
\c@cbx@tempcntd=\count564
Package biblatex Info: Redefining '\cite'.
Package biblatex Info: Redefining '\parencite'.
Package biblatex Info: Redefining '\footcite'.
Package biblatex Info: Redefining '\footcitetext'.
Package biblatex Info: Redefining '\smartcite'.
Package biblatex Info: Redefining '\supercite'.
Package biblatex Info: Redefining '\textcite'.
Package biblatex Info: Redefining '\textcites'.
Package biblatex Info: Redefining '\cites'.
Package biblatex Info: Redefining '\parencites'.
Package biblatex Info: Redefining '\smartcites'.
)
Package biblatex Info: Trying to load configuration file...
Package biblatex Info: ... file 'biblatex.cfg' found.

(C:\Users\partsjoo\AppData\Local\Programs\MiKTeX\tex/latex/biblatex\biblatex.cf
g
File: biblatex.cfg 
)
Package biblatex Info: Input encoding 'utf8' detected.
Package biblatex Info: Document encoding is UTF8 ....
Package biblatex Info: ... and expl3
(biblatex)             2023-02-22 L3 programming layer (loader) 
(biblatex)             is new enough (at least 2020/04/06),
(biblatex)             setting 'casechanger=expl3'.

(C:\Users\partsjoo\AppData\Local\Programs\MiKTeX\tex/latex/biblatex\blx-case-ex
pl3.sty
(C:\Users\partsjoo\AppData\Local\Programs\MiKTeX\tex/latex/l3packages/xparse\xp
arse.sty
Package: xparse 2023-01-16 L3 Experimental document command parser
)
Package: blx-case-expl3 2023/03/05 v3.19 expl3 case changing code for biblatex
))
(C:\Users\partsjoo\AppData\Local\Programs\MiKTeX\tex/latex/tools\enumerate.sty
Package: enumerate 2015/07/23 v3.00 enumerate extensions (DPC)
\@enLab=\toks63
)
(C:\Users\partsjoo\AppData\Local\Programs\MiKTeX\tex/latex/glossaries-extra\glo
ssaries-extra.sty
Package: glossaries-extra 2022/11/08 v1.50 (NLCT)

(C:\Users\partsjoo\AppData\Local\Programs\MiKTeX\tex/latex/glossaries/base\glos
saries.sty
Package: glossaries 2022/11/03 v4.52 (NLCT)

(C:\Users\partsjoo\AppData\Local\Programs\MiKTeX\tex/latex/mfirstuc\mfirstuc.st
y
Package: mfirstuc 2022/10/14 v2.08 (NLCT)
\@glsmfirst=\toks64
\@glsmrest=\toks65
) (C:\Users\partsjoo\AppData\Local\Programs\MiKTeX\tex/latex/xfor\xfor.sty
Package: xfor 2009/02/05 v1.05 (NLCT)
)
(C:\Users\partsjoo\AppData\Local\Programs\MiKTeX\tex/latex/datatool\datatool-ba
se.sty
Package: datatool-base 2019/09/27 v2.32 (NLCT)

(C:\Users\partsjoo\AppData\Local\Programs\MiKTeX\tex/latex/amsmath\amsmath.sty
Package: amsmath 2022/04/08 v2.17n AMS math features
\@mathmargin=\skip109

For additional information on amsmath, use the `?' option.
(C:\Users\partsjoo\AppData\Local\Programs\MiKTeX\tex/latex/amsmath\amstext.sty
Package: amstext 2021/08/26 v2.01 AMS text
) (C:\Users\partsjoo\AppData\Local\Programs\MiKTeX\tex/latex/amsmath\amsbsy.sty
Package: amsbsy 1999/11/29 v1.2d Bold Symbols
\pmbraise@=\dimen384
) (C:\Users\partsjoo\AppData\Local\Programs\MiKTeX\tex/latex/amsmath\amsopn.sty
Package: amsopn 2022/04/08 v2.04 operator names
)
\inf@bad=\count565
LaTeX Info: Redefining \frac on input line 234.
\uproot@=\count566
\leftroot@=\count567
LaTeX Info: Redefining \overline on input line 399.
LaTeX Info: Redefining \colon on input line 410.
\classnum@=\count568
\DOTSCASE@=\count569
LaTeX Info: Redefining \ldots on input line 496.
LaTeX Info: Redefining \dots on input line 499.
LaTeX Info: Redefining \cdots on input line 620.
\Mathstrutbox@=\box114
\strutbox@=\box115
LaTeX Info: Redefining \big on input line 722.
LaTeX Info: Redefining \Big on input line 723.
LaTeX Info: Redefining \bigg on input line 724.
LaTeX Info: Redefining \Bigg on input line 725.
\big@size=\dimen385
LaTeX Font Info:    Redeclaring font encoding OML on input line 743.
LaTeX Font Info:    Redeclaring font encoding OMS on input line 744.
\macc@depth=\count570
LaTeX Info: Redefining \bmod on input line 905.
LaTeX Info: Redefining \pmod on input line 910.
LaTeX Info: Redefining \smash on input line 940.
LaTeX Info: Redefining \relbar on input line 970.
LaTeX Info: Redefining \Relbar on input line 971.
\c@MaxMatrixCols=\count571
\dotsspace@=\muskip21
\c@parentequation=\count572
\dspbrk@lvl=\count573
\tag@help=\toks66
\row@=\count574
\column@=\count575
\maxfields@=\count576
\andhelp@=\toks67
\eqnshift@=\dimen386
\alignsep@=\dimen387
\tagshift@=\dimen388
\tagwidth@=\dimen389
\totwidth@=\dimen390
\lineht@=\dimen391
\@envbody=\toks68
\multlinegap=\skip110
\multlinetaggap=\skip111
\mathdisplay@stack=\toks69
LaTeX Info: Redefining \[ on input line 2953.
LaTeX Info: Redefining \] on input line 2954.
) (C:\Users\partsjoo\AppData\Local\Programs\MiKTeX\tex/latex/substr\substr.sty
Package: substr 2009/10/20 v1.2 Handle substrings
\c@su@anzahl=\count577
)
(C:\Users\partsjoo\AppData\Local\Programs\MiKTeX\tex/latex/datatool\datatool-fp
.sty
Package: datatool-fp 2019/09/27 v2.32 (NLCT)
 (C:\Users\partsjoo\AppData\Local\Programs\MiKTeX\tex/latex/fp\fp.sty
Package: fp 1995/04/02

`Fixed Point Package', Version 0.8, April 2, 1995 (C) Michael Mehlich
(C:\Users\partsjoo\AppData\Local\Programs\MiKTeX\tex/latex/fp\defpattern.sty
Package: defpattern 1994/10/12
\actioncount=\count578
)
(C:\Users\partsjoo\AppData\Local\Programs\MiKTeX\tex/latex/fp\fp-basic.sty
Package: fp-basic 1996/05/13
\FP@xs=\count579
\FP@xia=\count580
\FP@xib=\count581
\FP@xfa=\count582
\FP@xfb=\count583
\FP@rega=\count584
\FP@regb=\count585
\FP@regs=\count586
\FP@times=\count587
)
(C:\Users\partsjoo\AppData\Local\Programs\MiKTeX\tex/latex/fp\fp-addons.sty
Package: fp-addons 1995/03/15
)
(C:\Users\partsjoo\AppData\Local\Programs\MiKTeX\tex/latex/fp\fp-snap.sty
Package: fp-snap 1995/04/05
)
(C:\Users\partsjoo\AppData\Local\Programs\MiKTeX\tex/latex/fp\fp-exp.sty
Package: fp-exp 1995/04/03
)
(C:\Users\partsjoo\AppData\Local\Programs\MiKTeX\tex/latex/fp\fp-trigo.sty
Package: fp-trigo 1995/04/14
)
(C:\Users\partsjoo\AppData\Local\Programs\MiKTeX\tex/latex/fp\fp-pas.sty
Package: fp-pas 1994/08/29
)
(C:\Users\partsjoo\AppData\Local\Programs\MiKTeX\tex/latex/fp\fp-random.sty
Package: fp-random 1995/02/23
\FPseed=\count588
)
(C:\Users\partsjoo\AppData\Local\Programs\MiKTeX\tex/latex/fp\fp-eqn.sty
Package: fp-eqn 1995/04/03
)
(C:\Users\partsjoo\AppData\Local\Programs\MiKTeX\tex/latex/fp\fp-upn.sty
Package: fp-upn 1996/10/21
)
(C:\Users\partsjoo\AppData\Local\Programs\MiKTeX\tex/latex/fp\fp-eval.sty
Package: fp-eval 1995/04/03
)))
\@dtl@toks=\toks70
\@dtl@tmpcount=\count589
\dtl@tmplength=\skip112
\dtl@sortresult=\count590
\@dtl@numgrpsepcount=\count591
\@dtl@datatype=\count592
\dtl@codeA=\count593
\dtl@codeB=\count594
\@dtl@foreach@level=\count595
)
(C:\Users\partsjoo\AppData\Local\Programs\MiKTeX\tex/latex/tracklang\tracklang.
sty
Package: tracklang 2022/12/13 v1.6.1 (NLCT) Track Languages

(C:\Users\partsjoo\AppData\Local\Programs\MiKTeX\tex/generic/tracklang\tracklan
g.tex))
(C:\Users\partsjoo\AppData\Local\Programs\MiKTeX\tex/latex/glossaries-english\g
lossaries-english.ldf
File: glossaries-english.ldf 2014/11/23 v1.0
)
(C:\Users\partsjoo\AppData\Local\Programs\MiKTeX\tex/latex/glossaries-estonian\
glossaries-estonian.ldf
File: glossaries-estonian.ldf 2019/02/01 v1.0

(C:\Users\partsjoo\AppData\Local\Programs\MiKTeX\tex/latex/glossaries-estonian\
glossaries-estonian-utf8.ldf))
\gls@level=\count596
\@gls@tmpb=\toks71
\gls@tmplen=\skip113
\glskeylisttok=\toks72
\glslabeltok=\toks73
\glsshorttok=\toks74
\glslongtok=\toks75

(C:\Users\partsjoo\AppData\Local\Programs\MiKTeX\tex/latex/glossaries/styles\gl
ossary-hypernav.sty
Package: glossary-hypernav 2022/11/03 v4.52 (NLCT)
)
(C:\Users\partsjoo\AppData\Local\Programs\MiKTeX\tex/latex/glossaries/styles\gl
ossary-list.sty
Package: glossary-list 2022/11/03 v4.52 (NLCT)
\glslistdottedwidth=\skip114
)
(C:\Users\partsjoo\AppData\Local\Programs\MiKTeX\tex/latex/glossaries/styles\gl
ossary-long.sty
Package: glossary-long 2022/11/03 v4.52 (NLCT)

(C:\Users\partsjoo\AppData\Local\Programs\MiKTeX\tex/latex/tools\longtable.sty
Package: longtable 2021-09-01 v4.17 Multi-page Table package (DPC)
\LTleft=\skip115
\LTright=\skip116
\LTpre=\skip117
\LTpost=\skip118
\LTchunksize=\count597
\LTcapwidth=\dimen392
\LT@head=\box116
\LT@firsthead=\box117
\LT@foot=\box118
\LT@lastfoot=\box119
\LT@gbox=\box120
\LT@cols=\count598
\LT@rows=\count599
\c@LT@tables=\count600
\c@LT@chunks=\count601
\LT@p@ftn=\toks76
)
\glsdescwidth=\skip119
\glspagelistwidth=\skip120
)
(C:\Users\partsjoo\AppData\Local\Programs\MiKTeX\tex/latex/glossaries/styles\gl
ossary-super.sty
Package: glossary-super 2022/11/03 v4.52 (NLCT)

(C:\Users\partsjoo\AppData\Local\Programs\MiKTeX\tex/latex/supertabular\superta
bular.sty
Package: supertabular 2020/02/02 v4.1g the supertabular environment
\c@tracingst=\count602
\ST@wd=\dimen393
\ST@rightskip=\skip121
\ST@leftskip=\skip122
\ST@parfillskip=\skip123
\ST@pageleft=\dimen394
\ST@headht=\dimen395
\ST@tailht=\dimen396
\ST@pagesofar=\dimen397
\ST@pboxht=\dimen398
\ST@lineht=\dimen399
\ST@prevht=\dimen400
\ST@toadd=\dimen401
\ST@dimen=\dimen402
\ST@pbox=\box121
))
(C:\Users\partsjoo\AppData\Local\Programs\MiKTeX\tex/latex/glossaries/styles\gl
ossary-tree.sty
Package: glossary-tree 2022/11/03 v4.52 (NLCT)
\glstreeindent=\skip124
))
\@glsxtr@leveloffset=\count603
\glsxtrresourcecount=\count604
\@glsxtrnewgls@inner=\count605
\glsshortpltok=\toks77
\glslongpltok=\toks78

(C:\Users\partsjoo\AppData\Local\Programs\MiKTeX\tex/latex/glossaries-extra\glo
ssaries-extra-abbrstyles.def
File: glossaries-extra-abbrstyles.def 2022/06/16 v1.48b (NLCT)
)
\mglselementindex=\count606
)
(C:\Users\partsjoo\AppData\Local\Programs\MiKTeX\tex/latex/aguplus\aguplus.sty
Main style `aguplus' [1999/08/19 1.6b (PWD)]

C:\Users\partsjoo\AppData\Local\Programs\MiKTeX\tex/latex/aguplus\aguplus.sty:5
7: Undefined control sequence.
 ->\errmessage  LaTeX Error: Option `\filename 
                                               ' must come before the AGU op...
l.57   {\def\@tempa{\relax}}
                            
The control sequence at the end of the top line
of your error message was never \def'ed. If you have
misspelled it (e.g., `\hobx'), type `I' and the correct
spelling (e.g., `I\hbox'). Otherwise just continue,
and I'll forget about whatever was undefined.

C:\Users\partsjoo\AppData\Local\Programs\MiKTeX\tex/latex/aguplus\aguplus.sty:5
7: LaTeX Error: Option `' must come before the AGU option.

See the LaTeX manual or LaTeX Companion for explanation.
Type  H <return>  for immediate help.
 ...                                              
                                                  
l.57   {\def\@tempa{\relax}}
                            
You're in trouble here.  Try typing  <return>  to proceed.
If that doesn't work, type  X <return>  to quit.

) (C:\Users\partsjoo\AppData\Local\Programs\MiKTeX\tex/latex/cals\cals.sty
Package: cals 2016/11/23 CALS tables v.2.4.2
\cals@paddingL=\skip125
\cals@paddingR=\skip126
\cals@paddingT=\skip127
\cals@paddingB=\skip128
\cals@paddingD=\dimen403
\cals@current@row=\box122
\cals@span@width=\dimen404
\cals@span@height=\dimen405
\cals@backup@row=\box123
\cals@backup@cs=\box124
\cals@backup@leftskip=\skip129
\cals@backup@rightskip=\skip130
\cals@last@row@height=\dimen406


C:\Users\partsjoo\AppData\Local\Programs\MiKTeX\tex/latex/cals\cals.sty:442: La
TeX Error: Command \thead already defined.
               Or name \end... illegal, see p.192 of the manual.

See the LaTeX manual or LaTeX Companion for explanation.
Type  H <return>  for immediate help.
 ...                                              
                                                  
l.442 \cals@thead@tokens}
                         
Your command was ignored.
Type  I <command> <return>  to replace it with another command,
or  <return>  to continue without it.

\cals@tfoot@height=\dimen407
\cals@current@cs=\box125
)
Package csquotes Info: Checking for multilingual support...
Package csquotes Info: ... found 'babel' package.
Package csquotes Info: Adjusting default style.
Package csquotes Info: Redefining alias 'default' -> 'english'.
LaTeX Font Info:    Trying to load font information for T1+ptm on input line 24
.
 (C:\Users\partsjoo\AppData\Local\Programs\MiKTeX\tex/latex/psnfss\t1ptm.fd
File: t1ptm.fd 2001/06/04 font definitions for T1/ptm.
)
(C:/Users\partsjoo\IdeaProjects\homeworks\main.aux)
\openout1 = `main.aux'.

LaTeX Font Info:    Checking defaults for OML/cmm/m/it on input line 24.
LaTeX Font Info:    ... okay on input line 24.
LaTeX Font Info:    Checking defaults for OMS/cmsy/m/n on input line 24.
LaTeX Font Info:    ... okay on input line 24.
LaTeX Font Info:    Checking defaults for OT1/cmr/m/n on input line 24.
LaTeX Font Info:    ... okay on input line 24.
LaTeX Font Info:    Checking defaults for T1/cmr/m/n on input line 24.
LaTeX Font Info:    ... okay on input line 24.
LaTeX Font Info:    Checking defaults for TS1/cmr/m/n on input line 24.
LaTeX Font Info:    ... okay on input line 24.
LaTeX Font Info:    Checking defaults for OMX/cmex/m/n on input line 24.
LaTeX Font Info:    ... okay on input line 24.
LaTeX Font Info:    Checking defaults for U/cmr/m/n on input line 24.
LaTeX Font Info:    ... okay on input line 24.
LaTeX Font Info:    Checking defaults for PD1/pdf/m/n on input line 24.
LaTeX Font Info:    ... okay on input line 24.
LaTeX Font Info:    Checking defaults for PU/pdf/m/n on input line 24.
LaTeX Font Info:    ... okay on input line 24.

(C:\Users\partsjoo\AppData\Local\Programs\MiKTeX\tex/context/base/mkii\supp-pdf
.mkii
[Loading MPS to PDF converter (version 2006.09.02).]
\scratchcounter=\count607
\scratchdimen=\dimen408
\scratchbox=\box126
\nofMPsegments=\count608
\nofMParguments=\count609
\everyMPshowfont=\toks79
\MPscratchCnt=\count610
\MPscratchDim=\dimen409
\MPnumerator=\count611
\makeMPintoPDFobject=\count612
\everyMPtoPDFconversion=\toks80
)
(C:\Users\partsjoo\AppData\Local\Programs\MiKTeX\tex/latex/epstopdf-pkg\epstopd
f-base.sty
Package: epstopdf-base 2020-01-24 v2.11 Base part for package epstopdf
Package epstopdf-base Info: Redefining graphics rule for `.eps' on input line 4
85.

(C:\Users\partsjoo\AppData\Local\Programs\MiKTeX\tex/latex/00miktex\epstopdf-sy
s.cfg
File: epstopdf-sys.cfg 2021/03/18 v2.0 Configuration of epstopdf for MiKTeX
))
\c@lstlisting=\count613

*geometry* driver: auto-detecting
*geometry* detected driver: pdftex
*geometry* verbose mode - [ preamble ] result:
* driver: pdftex
* paper: a4paper
* layout: <same size as paper>
* layoutoffset:(h,v)=(0.0pt,0.0pt)
* modes: 
* h-part:(L,W,R)=(89.62709pt, 418.25368pt, 89.6271pt)
* v-part:(T,H,B)=(101.40665pt, 591.5302pt, 152.11pt)
* \paperwidth=597.50787pt
* \paperheight=845.04684pt
* \textwidth=418.25368pt
* \textheight=591.5302pt
* \oddsidemargin=17.3571pt
* \evensidemargin=17.3571pt
* \topmargin=-7.86334pt
* \headheight=12.0pt
* \headsep=25.0pt
* \topskip=12.0pt
* \footskip=30.0pt
* \marginparwidth=56.9055pt
* \marginparsep=10.0pt
* \columnsep=10.0pt
* \skip\footins=10.8pt plus 4.0pt minus 2.0pt
* \hoffset=0.0pt
* \voffset=0.0pt
* \mag=1000
* \@twocolumnfalse
* \@twosidefalse
* \@mparswitchfalse
* \@reversemarginfalse
* (1in=72.27pt=25.4mm, 1cm=28.453pt)

LaTeX Info: Redefining \microtypecontext on input line 24.
Package microtype Info: Applying patch `item' on input line 24.
Package microtype Info: Applying patch `toc' on input line 24.
Package microtype Info: Applying patch `eqnum' on input line 24.
Package microtype Info: Applying patch `footnote' on input line 24.
Package microtype Info: Applying patch `verbatim' on input line 24.
Package microtype Info: Generating PDF output.
Package microtype Info: Character protrusion enabled (level 2).
Package microtype Info: Using default protrusion set `alltext'.
Package microtype Info: Automatic font expansion enabled (level 2),
(microtype)             stretch: 20, shrink: 20, step: 1, non-selected.
Package microtype Info: Using default expansion set `alltext-nott'.
LaTeX Info: Redefining \showhyphens on input line 24.
Package microtype Info: No adjustment of tracking.
Package microtype Info: No adjustment of interword spacing.
Package microtype Info: No adjustment of character kerning.

(C:\Users\partsjoo\AppData\Local\Programs\MiKTeX\tex/latex/microtype\mt-ptm.cfg
File: mt-ptm.cfg 2006/04/20 v1.7 microtype config. file: Times (RS)
)
(C:\Users\partsjoo\AppData\Local\Programs\MiKTeX\tex/latex/upquote\upquote.sty
Package: upquote 2012/04/19 v1.3 upright-quote and grave-accent glyphs in verba
tim
)
Package caption Info: Begin \AtBeginDocument code.
Package caption Info: hyperref package is loaded.
Package caption Info: hypcap package is loaded.
Package caption Info: longtable package is loaded.

(C:\Users\partsjoo\AppData\Local\Programs\MiKTeX\tex/latex/caption\ltcaption.st
y
Package: ltcaption 2021/01/08 v1.4c longtable captions (AR)
)
Package caption Info: supertabular package is loaded.
Package caption Info: End \AtBeginDocument code.
Package hyperref Info: Link coloring OFF on input line 24.
 (C:/Users\partsjoo\IdeaProjects\homeworks\main.out)
(C:/Users\partsjoo\IdeaProjects\homeworks\main.out)
\@outlinefile=\write5
\openout5 = `main.out'.


(C:\Users\partsjoo\AppData\Local\Programs\MiKTeX\tex/latex/translations/dicts\t
ranslations-basic-dictionary-english.trsl
File: translations-basic-dictionary-english.trsl (english translation file `tra
nslations-basic-dictionary')
)
Package translations Info: loading dictionary `translations-basic-dictionary' f
or `english'. on input line 24.
Package translations Info: no dictionary file `translations-basic-dictionary-es
tonian.trsl' found. on input line 24.

(C:\Users\partsjoo\AppData\Local\Programs\MiKTeX\tex/latex/ninecolors\ninecolor
s.sty
Package: ninecolors 2022-02-13 vv2022D Select colors with proper color contrast

)
Package biblatex Info: Trying to load language 'english'...
Package biblatex Info: ... file 'english.lbx' found.

(C:\Users\partsjoo\AppData\Local\Programs\MiKTeX\tex/latex/biblatex/lbx\english
.lbx
File: english.lbx 2023/03/05 v3.19 biblatex localization (PK/MW)
)
Package biblatex Info: Trying to load language 'estonian'...
Package biblatex Info: ... file 'estonian.lbx' found.

(C:\Users\partsjoo\AppData\Local\Programs\MiKTeX\tex/latex/biblatex/lbx\estonia
n.lbx
File: estonian.lbx 2023/03/05 v3.19 biblatex localization (PK/MW)
)
Package biblatex Info: Input encoding 'utf8' detected.
Package biblatex Info: Automatic encoding selection.
(biblatex)             Assuming data encoding 'utf8'.
\openout4 = `main.bcf'.

Package biblatex Info: Trying to load bibliographic data...
Package biblatex Info: ... file 'main.bbl' found.
 (C:/Users\partsjoo\IdeaProjects\homeworks\main.bbl)
Package biblatex Info: Reference section=0 on input line 24.
Package biblatex Info: Reference segment=0 on input line 24.

main.tex:24: Bad mathchar (32768).
<to be read again> 
                   \relax 
l.24 \begin{document}
                     
A mathchar number must be between 0 and 32767.
I changed this one to zero.

main.tex:24: Bad mathchar (32768).
<to be read again> 
                   \relax 
l.24 \begin{document}
                     
A mathchar number must be between 0 and 32767.
I changed this one to zero.

(title.tex
(C:\Users\partsjoo\AppData\Local\Programs\MiKTeX\tex/latex/microtype\mt-cmr.cfg
File: mt-cmr.cfg 2013/05/19 v2.2 microtype config. file: Computer Modern Roman 
(RS)
)
LaTeX Font Info:    Trying to load font information for U+msa on input line 37.

 (C:\Users\partsjoo\AppData\Local\Programs\MiKTeX\tex/latex/amsfonts\umsa.fd
File: umsa.fd 2013/01/14 v3.01 AMS symbols A
)
(C:\Users\partsjoo\AppData\Local\Programs\MiKTeX\tex/latex/microtype\mt-msa.cfg
File: mt-msa.cfg 2006/02/04 v1.1 microtype config. file: AMS symbols (a) (RS)
)
LaTeX Font Info:    Trying to load font information for U+msb on input line 37.

 (C:\Users\partsjoo\AppData\Local\Programs\MiKTeX\tex/latex/amsfonts\umsb.fd
File: umsb.fd 2013/01/14 v3.01 AMS symbols B
)
(C:\Users\partsjoo\AppData\Local\Programs\MiKTeX\tex/latex/microtype\mt-msb.cfg
File: mt-msb.cfg 2005/06/01 v1.0 microtype config. file: AMS symbols (b) (RS)
)
LaTeX Font Info:    Trying to load font information for U+stmry on input line 3
7.
 (C:\Users\partsjoo\AppData\Local\Programs\MiKTeX\tex/latex/stmaryrd\ustmry.fd)
) [1

{C:/Users/partsjoo/AppData/Local/MiKTeX/fonts/map/pdftex/pdftex.map}]
[2

] (C:/Users\partsjoo\IdeaProjects\homeworks\main.toc)
\tf@toc=\write6
\openout6 = `main.toc'.

 (related_work.tex
[3]
<assets/sample_data.png, id=61, 1330.9725pt x 250.9375pt>
File: assets/sample_data.png Graphic file (type png)
<use assets/sample_data.png>
Package pdftex.def Info: assets/sample_data.png  used on input line 16.
(pdftex.def)             Requested size: 418.25368pt x 78.85426pt.
<assets/age_dist.png, id=69, 861.2175pt x 323.2075pt>
File: assets/age_dist.png Graphic file (type png)
<use assets/age_dist.png>
Package pdftex.def Info: assets/age_dist.png  used on input line 36.
(pdftex.def)             Requested size: 418.25368pt x 156.96751pt.
<assets/countries_dist.png, id=70, 866.23625pt x 326.21875pt>
File: assets/countries_dist.png Graphic file (type png)
<use assets/countries_dist.png>
Package pdftex.def Info: assets/countries_dist.png  used on input line 43.
(pdftex.def)             Requested size: 418.25368pt x 157.51404pt.
 [4 <./assets/sample_data.png (PNG copy)>] [5 <./assets/age_dist.png (PNG copy)
> <./assets/countries_dist.png (PNG copy)>]

related_work.tex:109: Package acro Error: You've requested acronym `ico' on lin
e 109 but you
(acro)                apparently haven't defined it, yet!
(acro)                Maybe you've misspelled `ico'?

Type <return> to continue.
 ...                                              
                                                  
l.109 ...where in middle of k=5 and l=10. \ac{ico}
                                                  

LaTeX does not know anything more about this error, sorry.

Try typing <return> to proceed.
If that doesn't work, type X <return> to quit.


<assets/anon_level.png, id=89, 706.64pt x 139.52126pt>
File: assets/anon_level.png Graphic file (type png)
<use assets/anon_level.png>
Package pdftex.def Info: assets/anon_level.png  used on input line 114.
(pdftex.def)             Requested size: 418.25368pt x 82.5808pt.
[6]
<assets/class_size_unsupressed.png, id=96, 556.0775pt x 225.84375pt>
File: assets/class_size_unsupressed.png Graphic file (type png)
<use assets/class_size_unsupressed.png>
Package pdftex.def Info: assets/class_size_unsupressed.png  used on input line 
155.
(pdftex.def)             Requested size: 204.9466pt x 83.23694pt.
<assets/class_size_supressed.png, id=97, 554.07pt x 226.8475pt>
File: assets/class_size_supressed.png Graphic file (type png)
<use assets/class_size_supressed.png>
Package pdftex.def Info: assets/class_size_supressed.png  used on input line 16
2.
(pdftex.def)             Requested size: 204.9466pt x 83.90802pt.
 [7 <./assets/anon_level.png (PNG copy)> <./assets/class_size_unsupressed.png (
PNG copy)> <./assets/class_size_supressed.png (PNG copy)>]
Overfull \hbox (12.16293pt too wide) in paragraph at lines 183--184
[]\T1/ptm/m/n/12 (-20) The av-er-age class size grew sub-stan-tially from 1.556
38 (0.01553%) to 43.92283 (0.43885%),
 []

<assets/quality_models.png, id=112, 839.135pt x 605.26125pt>
File: assets/quality_models.png Graphic file (type png)
<use assets/quality_models.png>
Package pdftex.def Info: assets/quality_models.png  used on input line 193.
(pdftex.def)             Requested size: 300.0pt x 216.38847pt.
<assets/data_out.png, id=116, 1461.46pt x 454.69875pt>
File: assets/data_out.png Graphic file (type png)
<use assets/data_out.png>
Package pdftex.def Info: assets/data_out.png  used on input line 207.
(pdftex.def)             Requested size: 418.25368pt x 130.12473pt.
[8] [9 <./assets/quality_models.png (PNG copy)> <./assets/data_out.png (PNG cop
y)>]
<assets/risk_meter.png, id=127, 1088.065pt x 493.845pt>
File: assets/risk_meter.png Graphic file (type png)
<use assets/risk_meter.png>
Package pdftex.def Info: assets/risk_meter.png  used on input line 219.
(pdftex.def)             Requested size: 418.25368pt x 189.83325pt.
<assets/risk_before.png, id=128, 496.85625pt x 315.1775pt>
File: assets/risk_before.png Graphic file (type png)
<use assets/risk_before.png>
Package pdftex.def Info: assets/risk_before.png  used on input line 229.
(pdftex.def)             Requested size: 204.9466pt x 130.0075pt.
<assets/risk_after.png, id=129, 501.875pt x 316.18124pt>
File: assets/risk_after.png Graphic file (type png)
<use assets/risk_after.png>
Package pdftex.def Info: assets/risk_after.png  used on input line 236.
(pdftex.def)             Requested size: 204.9466pt x 129.11891pt.
) [10

 <./assets/risk_meter.png (PNG copy)> <./assets/risk_before.png (PNG copy)> <./
assets/risk_after.png (PNG copy)>]
LaTeX Font Info:    Trying to load font information for T1+zi4 on input line 42
.

(C:\Users\partsjoo\AppData\Local\Programs\MiKTeX\tex/latex/inconsolata\t1zi4.fd
File: t1zi4.fd 2018/01/14 T1/zi4 (Inconsolata)
)
LaTeX Font Info:    Font shape `T1/zi4/m/n' will be
(Font)              scaled to size 12.0pt on input line 42.
Package microtype Info: Loading generic protrusion settings for font family
(microtype)             `zi4' (encoding: T1).
(microtype)             For optimal results, create family-specific settings.
(microtype)             See the microtype manual for details.
 [11] (C:/Users\partsjoo\IdeaProjects\homeworks\main.aux)
Package rerunfilecheck Info: File `main.out' has not changed.
(rerunfilecheck)             Checksum: EC5AA8449054D44D3E8D91E1E98CC29D;1553.
Package logreq Info: Writing requests to 'main.run.xml'.
\openout1 = `main.run.xml'.

 ) 
Here is how much of TeX's memory you used:
 55398 strings out of 476334
 1107886 string characters out of 5786555
 2008239 words of memory out of 5000000
 74769 multiletter control sequences out of 15000+600000
 557211 words of font info for 178 fonts, out of 8000000 for 9000
 1141 hyphenation exceptions out of 8191
 122i,8n,121p,2285b,1861s stack positions out of 10000i,1000n,20000p,200000b,200000s
{C:/Users/partsjoo/AppData/Local/Programs/MiKTeX/fonts/enc/dvips/base/8r.enc}
{C:/Users/partsjoo/AppData/Local/Programs/MiKTeX/fonts/enc/dvips/inconsolata/i4
-t1-0.enc}<C:/Users/partsjoo/AppData/Local/Programs/MiKTeX/fonts/type1/public/i
nconsolata/Inconsolata-zi4r.pfb><C:/Users/partsjoo/AppData/Local/Programs/MiKTe
X/fonts/type1/urw/times/utmb8a.pfb><C:/Users/partsjoo/AppData/Local/Programs/Mi
KTeX/fonts/type1/urw/times/utmr8a.pfb><C:/Users/partsjoo/AppData/Local/Programs
/MiKTeX/fonts/type1/urw/times/utmri8a.pfb>
Output written on C:/Users\partsjoo\IdeaProjects\homeworks\out\main.pdf (11 pag
es, 360746 bytes).
PDF statistics:
 180 PDF objects out of 1000 (max. 8388607)
 37 named destinations out of 1000 (max. 500000)
 45692 words of extra memory for PDF output out of 51595 (max. 10000000)

